<?xml version="1.0" encoding="UTF-8"?>
<testsuite xmlns:xsi="http://www.w3.org/2001/XMLSchema-instance" xsi:noNamespaceSchemaLocation="https://maven.apache.org/surefire/maven-surefire-plugin/xsd/surefire-test-report.xsd" name="junit.GeneradorIpTest" time="0.563" tests="2000" errors="0" skipped="0" failures="0">
  <properties>
[...]
</properties>
  <testcase name="testGeneraIp[1]" classname="junit.GeneradorIpTest" time="0.011"/>
  <testcase name="testGeneraIp[2]" classname="junit.GeneradorIpTest" time="0.001"/>
  <testcase name="testGeneraIp[3]" classname="junit.GeneradorIpTest" time="0.001"/>
  <testcase name="testGeneraIp[4]" classname="junit.GeneradorIpTest" time="0"/>
  <testcase name="testGeneraIp[5]" classname="junit.GeneradorIpTest" time="0"/>
  <testcase name="testGeneraIp[6]" classname="junit.GeneradorIpTest" time="0"/>
  <testcase name="testGeneraIp[7]" classname="junit.GeneradorIpTest" time="0"/>
  <testcase name="testGeneraIp[8]" classname="junit.GeneradorIpTest" time="0.001"/>
  <testcase name="testGeneraIp[9]" classname="junit.GeneradorIpTest" time="0.001"/>
  <testcase name="testGeneraIp[10]" classname="junit.GeneradorIpTest" time="0"/>
  <testcase name="testGeneraIp[11]" classname="junit.GeneradorIpTest" time="0"/>
  <testcase name="testGeneraIp[12]" classname="junit.GeneradorIpTest" time="0"/>
  <testcase name="testGeneraIp[13]" classname="junit.GeneradorIpTest" time="0"/>
  <testcase name="testGeneraIp[14]" classname="junit.GeneradorIpTest" time="0"/>
  <testcase name="testGeneraIp[15]" classname="junit.GeneradorIpTest" time="0.001"/>
  <testcase name="testGeneraIp[16]" classname="junit.GeneradorIpTest" time="0"/>
  <testcase name="testGeneraIp[17]" classname="junit.GeneradorIpTest" time="0.001"/>
  <testcase name="testGeneraIp[18]" classname="junit.GeneradorIpTest" time="0.001"/>
  <testcase name="testGeneraIp[19]" classname="junit.GeneradorIpTest" time="0.001"/>
  <testcase name="testGeneraIp[20]" classname="junit.GeneradorIpTest" time="0"/>
  <testcase name="testGeneraIp[21]" classname="junit.GeneradorIpTest" time="0"/>
  <testcase name="testGeneraIp[22]" classname="junit.GeneradorIpTest" time="0"/>
  <testcase name="testGeneraIp[23]" classname="junit.GeneradorIpTest" time="0"/>
  <testcase name="testGeneraIp[24]" classname="junit.GeneradorIpTest" time="0"/>
  <testcase name="testGeneraIp[25]" classname="junit.GeneradorIpTest" time="0"/>
  <testcase name="testGeneraIp[26]" classname="junit.GeneradorIpTest" time="0"/>
  <testcase name="testGeneraIp[27]" classname="junit.GeneradorIpTest" time="0"/>
  <testcase name="testGeneraIp[28]" classname="junit.GeneradorIpTest" time="0"/>
  <testcase name="testGeneraIp[29]" classname="junit.GeneradorIpTest" time="0"/>
  <testcase name="testGeneraIp[30]" classname="junit.GeneradorIpTest" time="0"/>
  <testcase name="testGeneraIp[31]" classname="junit.GeneradorIpTest" time="0.001"/>
  <testcase name="testGeneraIp[32]" classname="junit.GeneradorIpTest" time="0.001"/>
  <testcase name="testGeneraIp[33]" classname="junit.GeneradorIpTest" time="0.001"/>
  <testcase name="testGeneraIp[34]" classname="junit.GeneradorIpTest" time="0"/>
  <testcase name="testGeneraIp[35]" classname="junit.GeneradorIpTest" time="0.001"/>
  <testcase name="testGeneraIp[36]" classname="junit.GeneradorIpTest" time="0.001"/>
  <testcase name="testGeneraIp[37]" classname="junit.GeneradorIpTest" time="0"/>
  <testcase name="testGeneraIp[38]" classname="junit.GeneradorIpTest" time="0"/>
  <testcase name="testGeneraIp[39]" classname="junit.GeneradorIpTest" time="0"/>
  <testcase name="testGeneraIp[40]" classname="junit.GeneradorIpTest" time="0"/>
  <testcase name="testGeneraIp[41]" classname="junit.GeneradorIpTest" time="0"/>
  <testcase name="testGeneraIp[42]" classname="junit.GeneradorIpTest" time="0"/>
  <testcase name="testGeneraIp[43]" classname="junit.GeneradorIpTest" time="0"/>
  <testcase name="testGeneraIp[44]" classname="junit.GeneradorIpTest" time="0"/>
  <testcase name="testGeneraIp[45]" classname="junit.GeneradorIpTest" time="0"/>
  <testcase name="testGeneraIp[46]" classname="junit.GeneradorIpTest" time="0"/>
  <testcase name="testGeneraIp[47]" classname="junit.GeneradorIpTest" time="0"/>
  <testcase name="testGeneraIp[48]" classname="junit.GeneradorIpTest" time="0.001"/>
  <testcase name="testGeneraIp[49]" classname="junit.GeneradorIpTest" time="0"/>
  <testcase name="testGeneraIp[50]" classname="junit.GeneradorIpTest" time="0"/>
  <testcase name="testGeneraIp[51]" classname="junit.GeneradorIpTest" time="0"/>
  <testcase name="testGeneraIp[52]" classname="junit.GeneradorIpTest" time="0.001"/>
  <testcase name="testGeneraIp[53]" classname="junit.GeneradorIpTest" time="0"/>
  <testcase name="testGeneraIp[54]" classname="junit.GeneradorIpTest" time="0"/>
  <testcase name="testGeneraIp[55]" classname="junit.GeneradorIpTest" time="0.001"/>
  <testcase name="testGeneraIp[56]" classname="junit.GeneradorIpTest" time="0"/>
  <testcase name="testGeneraIp[57]" classname="junit.GeneradorIpTest" time="0"/>
  <testcase name="testGeneraIp[58]" classname="junit.GeneradorIpTest" time="0"/>
  <testcase name="testGeneraIp[59]" classname="junit.GeneradorIpTest" time="0"/>
  <testcase name="testGeneraIp[60]" classname="junit.GeneradorIpTest" time="0"/>
  <testcase name="testGeneraIp[61]" classname="junit.GeneradorIpTest" time="0"/>
  <testcase name="testGeneraIp[62]" classname="junit.GeneradorIpTest" time="0"/>
  <testcase name="testGeneraIp[63]" classname="junit.GeneradorIpTest" time="0"/>
  <testcase name="testGeneraIp[64]" classname="junit.GeneradorIpTest" time="0"/>
  <testcase name="testGeneraIp[65]" classname="junit.GeneradorIpTest" time="0"/>
  <testcase name="testGeneraIp[66]" classname="junit.GeneradorIpTest" time="0"/>
  <testcase name="testGeneraIp[67]" classname="junit.GeneradorIpTest" time="0"/>
  <testcase name="testGeneraIp[68]" classname="junit.GeneradorIpTest" time="0.001"/>
  <testcase name="testGeneraIp[69]" classname="junit.GeneradorIpTest" time="0"/>
  <testcase name="testGeneraIp[70]" classname="junit.GeneradorIpTest" time="0"/>
  <testcase name="testGeneraIp[71]" classname="junit.GeneradorIpTest" time="0"/>
  <testcase name="testGeneraIp[72]" classname="junit.GeneradorIpTest" time="0"/>
  <testcase name="testGeneraIp[73]" classname="junit.GeneradorIpTest" time="0"/>
  <testcase name="testGeneraIp[74]" classname="junit.GeneradorIpTest" time="0"/>
  <testcase name="testGeneraIp[75]" classname="junit.GeneradorIpTest" time="0"/>
  <testcase name="testGeneraIp[76]" classname="junit.GeneradorIpTest" time="0"/>
  <testcase name="testGeneraIp[77]" classname="junit.GeneradorIpTest" time="0"/>
  <testcase name="testGeneraIp[78]" classname="junit.GeneradorIpTest" time="0"/>
  <testcase name="testGeneraIp[79]" classname="junit.GeneradorIpTest" time="0.001"/>
  <testcase name="testGeneraIp[80]" classname="junit.GeneradorIpTest" time="0"/>
  <testcase name="testGeneraIp[81]" classname="junit.GeneradorIpTest" time="0"/>
  <testcase name="testGeneraIp[82]" classname="junit.GeneradorIpTest" time="0.001"/>
  <testcase name="testGeneraIp[83]" classname="junit.GeneradorIpTest" time="0"/>
  <testcase name="testGeneraIp[84]" classname="junit.GeneradorIpTest" time="0"/>
  <testcase name="testGeneraIp[85]" classname="junit.GeneradorIpTest" time="0.002"/>
  <testcase name="testGeneraIp[86]" classname="junit.GeneradorIpTest" time="0"/>
  <testcase name="testGeneraIp[87]" classname="junit.GeneradorIpTest" time="0"/>
  <testcase name="testGeneraIp[88]" classname="junit.GeneradorIpTest" time="0"/>
  <testcase name="testGeneraIp[89]" classname="junit.GeneradorIpTest" time="0"/>
  <testcase name="testGeneraIp[90]" classname="junit.GeneradorIpTest" time="0"/>
  <testcase name="testGeneraIp[91]" classname="junit.GeneradorIpTest" time="0"/>
  <testcase name="testGeneraIp[92]" classname="junit.GeneradorIpTest" time="0.001"/>
  <testcase name="testGeneraIp[93]" classname="junit.GeneradorIpTest" time="0"/>
  <testcase name="testGeneraIp[94]" classname="junit.GeneradorIpTest" time="0"/>
  <testcase name="testGeneraIp[95]" classname="junit.GeneradorIpTest" time="0.001"/>
  <testcase name="testGeneraIp[96]" classname="junit.GeneradorIpTest" time="0"/>
  <testcase name="testGeneraIp[97]" classname="junit.GeneradorIpTest" time="0"/>
  <testcase name="testGeneraIp[98]" classname="junit.GeneradorIpTest" time="0"/>
  <testcase name="testGeneraIp[99]" classname="junit.GeneradorIpTest" time="0"/>
  <testcase name="testGeneraIp[100]" classname="junit.GeneradorIpTest" time="0"/>
  <testcase name="testGeneraIp[101]" classname="junit.GeneradorIpTest" time="0"/>
  <testcase name="testGeneraIp[102]" classname="junit.GeneradorIpTest" time="0"/>
  <testcase name="testGeneraIp[103]" classname="junit.GeneradorIpTest" time="0"/>
  <testcase name="testGeneraIp[104]" classname="junit.GeneradorIpTest" time="0"/>
  <testcase name="testGeneraIp[105]" classname="junit.GeneradorIpTest" time="0.001"/>
  <testcase name="testGeneraIp[106]" classname="junit.GeneradorIpTest" time="0"/>
  <testcase name="testGeneraIp[107]" classname="junit.GeneradorIpTest" time="0"/>
  <testcase name="testGeneraIp[108]" classname="junit.GeneradorIpTest" time="0.001"/>
  <testcase name="testGeneraIp[109]" classname="junit.GeneradorIpTest" time="0"/>
  <testcase name="testGeneraIp[110]" classname="junit.GeneradorIpTest" time="0"/>
  <testcase name="testGeneraIp[111]" classname="junit.GeneradorIpTest" time="0"/>
  <testcase name="testGeneraIp[112]" classname="junit.GeneradorIpTest" time="0"/>
  <testcase name="testGeneraIp[113]" classname="junit.GeneradorIpTest" time="0"/>
  <testcase name="testGeneraIp[114]" classname="junit.GeneradorIpTest" time="0"/>
  <testcase name="testGeneraIp[115]" classname="junit.GeneradorIpTest" time="0.001"/>
  <testcase name="testGeneraIp[116]" classname="junit.GeneradorIpTest" time="0"/>
  <testcase name="testGeneraIp[117]" classname="junit.GeneradorIpTest" time="0.001"/>
  <testcase name="testGeneraIp[118]" classname="junit.GeneradorIpTest" time="0"/>
  <testcase name="testGeneraIp[119]" classname="junit.GeneradorIpTest" time="0"/>
  <testcase name="testGeneraIp[120]" classname="junit.GeneradorIpTest" time="0"/>
  <testcase name="testGeneraIp[121]" classname="junit.GeneradorIpTest" time="0"/>
  <testcase name="testGeneraIp[122]" classname="junit.GeneradorIpTest" time="0.002"/>
  <testcase name="testGeneraIp[123]" classname="junit.GeneradorIpTest" time="0"/>
  <testcase name="testGeneraIp[124]" classname="junit.GeneradorIpTest" time="0"/>
  <testcase name="testGeneraIp[125]" classname="junit.GeneradorIpTest" time="0"/>
  <testcase name="testGeneraIp[126]" classname="junit.GeneradorIpTest" time="0"/>
  <testcase name="testGeneraIp[127]" classname="junit.GeneradorIpTest" time="0"/>
  <testcase name="testGeneraIp[128]" classname="junit.GeneradorIpTest" time="0.001"/>
  <testcase name="testGeneraIp[129]" classname="junit.GeneradorIpTest" time="0"/>
  <testcase name="testGeneraIp[130]" classname="junit.GeneradorIpTest" time="0"/>
  <testcase name="testGeneraIp[131]" classname="junit.GeneradorIpTest" time="0"/>
  <testcase name="testGeneraIp[132]" classname="junit.GeneradorIpTest" time="0"/>
  <testcase name="testGeneraIp[133]" classname="junit.GeneradorIpTest" time="0"/>
  <testcase name="testGeneraIp[134]" classname="junit.GeneradorIpTest" time="0"/>
  <testcase name="testGeneraIp[135]" classname="junit.GeneradorIpTest" time="0.001"/>
  <testcase name="testGeneraIp[136]" classname="junit.GeneradorIpTest" time="0"/>
  <testcase name="testGeneraIp[137]" classname="junit.GeneradorIpTest" time="0.001"/>
  <testcase name="testGeneraIp[138]" classname="junit.GeneradorIpTest" time="0"/>
  <testcase name="testGeneraIp[139]" classname="junit.GeneradorIpTest" time="0"/>
  <testcase name="testGeneraIp[140]" classname="junit.GeneradorIpTest" time="0.001"/>
  <testcase name="testGeneraIp[141]" classname="junit.GeneradorIpTest" time="0"/>
  <testcase name="testGeneraIp[142]" classname="junit.GeneradorIpTest" time="0"/>
  <testcase name="testGeneraIp[143]" classname="junit.GeneradorIpTest" time="0"/>
  <testcase name="testGeneraIp[144]" classname="junit.GeneradorIpTest" time="0"/>
  <testcase name="testGeneraIp[145]" classname="junit.GeneradorIpTest" time="0.001"/>
  <testcase name="testGeneraIp[146]" classname="junit.GeneradorIpTest" time="0"/>
  <testcase name="testGeneraIp[147]" classname="junit.GeneradorIpTest" time="0"/>
  <testcase name="testGeneraIp[148]" classname="junit.GeneradorIpTest" time="0"/>
  <testcase name="testGeneraIp[149]" classname="junit.GeneradorIpTest" time="0"/>
  <testcase name="testGeneraIp[150]" classname="junit.GeneradorIpTest" time="0"/>
  <testcase name="testGeneraIp[151]" classname="junit.GeneradorIpTest" time="0"/>
  <testcase name="testGeneraIp[152]" classname="junit.GeneradorIpTest" time="0"/>
  <testcase name="testGeneraIp[153]" classname="junit.GeneradorIpTest" time="0"/>
  <testcase name="testGeneraIp[154]" classname="junit.GeneradorIpTest" time="0"/>
  <testcase name="testGeneraIp[155]" classname="junit.GeneradorIpTest" time="0"/>
  <testcase name="testGeneraIp[156]" classname="junit.GeneradorIpTest" time="0"/>
  <testcase name="testGeneraIp[157]" classname="junit.GeneradorIpTest" time="0"/>
  <testcase name="testGeneraIp[158]" classname="junit.GeneradorIpTest" time="0"/>
  <testcase name="testGeneraIp[159]" classname="junit.GeneradorIpTest" time="0"/>
  <testcase name="testGeneraIp[160]" classname="junit.GeneradorIpTest" time="0"/>
  <testcase name="testGeneraIp[161]" classname="junit.GeneradorIpTest" time="0"/>
  <testcase name="testGeneraIp[162]" classname="junit.GeneradorIpTest" time="0"/>
  <testcase name="testGeneraIp[163]" classname="junit.GeneradorIpTest" time="0"/>
  <testcase name="testGeneraIp[164]" classname="junit.GeneradorIpTest" time="0.001"/>
  <testcase name="testGeneraIp[165]" classname="junit.GeneradorIpTest" time="0"/>
  <testcase name="testGeneraIp[166]" classname="junit.GeneradorIpTest" time="0"/>
  <testcase name="testGeneraIp[167]" classname="junit.GeneradorIpTest" time="0"/>
  <testcase name="testGeneraIp[168]" classname="junit.GeneradorIpTest" time="0.001"/>
  <testcase name="testGeneraIp[169]" classname="junit.GeneradorIpTest" time="0"/>
  <testcase name="testGeneraIp[170]" classname="junit.GeneradorIpTest" time="0"/>
  <testcase name="testGeneraIp[171]" classname="junit.GeneradorIpTest" time="0"/>
  <testcase name="testGeneraIp[172]" classname="junit.GeneradorIpTest" time="0"/>
  <testcase name="testGeneraIp[173]" classname="junit.GeneradorIpTest" time="0"/>
  <testcase name="testGeneraIp[174]" classname="junit.GeneradorIpTest" time="0"/>
  <testcase name="testGeneraIp[175]" classname="junit.GeneradorIpTest" time="0.001"/>
  <testcase name="testGeneraIp[176]" classname="junit.GeneradorIpTest" time="0"/>
  <testcase name="testGeneraIp[177]" classname="junit.GeneradorIpTest" time="0"/>
  <testcase name="testGeneraIp[178]" classname="junit.GeneradorIpTest" time="0"/>
  <testcase name="testGeneraIp[179]" classname="junit.GeneradorIpTest" time="0"/>
  <testcase name="testGeneraIp[180]" classname="junit.GeneradorIpTest" time="0"/>
  <testcase name="testGeneraIp[181]" classname="junit.GeneradorIpTest" time="0"/>
  <testcase name="testGeneraIp[182]" classname="junit.GeneradorIpTest" time="0.001"/>
  <testcase name="testGeneraIp[183]" classname="junit.GeneradorIpTest" time="0"/>
  <testcase name="testGeneraIp[184]" classname="junit.GeneradorIpTest" time="0"/>
  <testcase name="testGeneraIp[185]" classname="junit.GeneradorIpTest" time="0"/>
  <testcase name="testGeneraIp[186]" classname="junit.GeneradorIpTest" time="0"/>
  <testcase name="testGeneraIp[187]" classname="junit.GeneradorIpTest" time="0"/>
  <testcase name="testGeneraIp[188]" classname="junit.GeneradorIpTest" time="0"/>
  <testcase name="testGeneraIp[189]" classname="junit.GeneradorIpTest" time="0"/>
  <testcase name="testGeneraIp[190]" classname="junit.GeneradorIpTest" time="0.001"/>
  <testcase name="testGeneraIp[191]" classname="junit.GeneradorIpTest" time="0"/>
  <testcase name="testGeneraIp[192]" classname="junit.GeneradorIpTest" time="0"/>
  <testcase name="testGeneraIp[193]" classname="junit.GeneradorIpTest" time="0"/>
  <testcase name="testGeneraIp[194]" classname="junit.GeneradorIpTest" time="0"/>
  <testcase name="testGeneraIp[195]" classname="junit.GeneradorIpTest" time="0"/>
  <testcase name="testGeneraIp[196]" classname="junit.GeneradorIpTest" time="0"/>
  <testcase name="testGeneraIp[197]" classname="junit.GeneradorIpTest" time="0"/>
  <testcase name="testGeneraIp[198]" classname="junit.GeneradorIpTest" time="0"/>
  <testcase name="testGeneraIp[199]" classname="junit.GeneradorIpTest" time="0"/>
  <testcase name="testGeneraIp[200]" classname="junit.GeneradorIpTest" time="0.001"/>
  <testcase name="testGeneraIp[201]" classname="junit.GeneradorIpTest" time="0"/>
  <testcase name="testGeneraIp[202]" classname="junit.GeneradorIpTest" time="0.001"/>
  <testcase name="testGeneraIp[203]" classname="junit.GeneradorIpTest" time="0"/>
  <testcase name="testGeneraIp[204]" classname="junit.GeneradorIpTest" time="0"/>
  <testcase name="testGeneraIp[205]" classname="junit.GeneradorIpTest" time="0"/>
  <testcase name="testGeneraIp[206]" classname="junit.GeneradorIpTest" time="0.001"/>
  <testcase name="testGeneraIp[207]" classname="junit.GeneradorIpTest" time="0"/>
  <testcase name="testGeneraIp[208]" classname="junit.GeneradorIpTest" time="0"/>
  <testcase name="testGeneraIp[209]" classname="junit.GeneradorIpTest" time="0.001"/>
  <testcase name="testGeneraIp[210]" classname="junit.GeneradorIpTest" time="0"/>
  <testcase name="testGeneraIp[211]" classname="junit.GeneradorIpTest" time="0"/>
  <testcase name="testGeneraIp[212]" classname="junit.GeneradorIpTest" time="0"/>
  <testcase name="testGeneraIp[213]" classname="junit.GeneradorIpTest" time="0"/>
  <testcase name="testGeneraIp[214]" classname="junit.GeneradorIpTest" time="0"/>
  <testcase name="testGeneraIp[215]" classname="junit.GeneradorIpTest" time="0"/>
  <testcase name="testGeneraIp[216]" classname="junit.GeneradorIpTest" time="0"/>
  <testcase name="testGeneraIp[217]" classname="junit.GeneradorIpTest" time="0"/>
  <testcase name="testGeneraIp[218]" classname="junit.GeneradorIpTest" time="0"/>
  <testcase name="testGeneraIp[219]" classname="junit.GeneradorIpTest" time="0"/>
  <testcase name="testGeneraIp[220]" classname="junit.GeneradorIpTest" time="0"/>
  <testcase name="testGeneraIp[221]" classname="junit.GeneradorIpTest" time="0"/>
  <testcase name="testGeneraIp[222]" classname="junit.GeneradorIpTest" time="0"/>
  <testcase name="testGeneraIp[223]" classname="junit.GeneradorIpTest" time="0.001"/>
  <testcase name="testGeneraIp[224]" classname="junit.GeneradorIpTest" time="0"/>
  <testcase name="testGeneraIp[225]" classname="junit.GeneradorIpTest" time="0"/>
  <testcase name="testGeneraIp[226]" classname="junit.GeneradorIpTest" time="0"/>
  <testcase name="testGeneraIp[227]" classname="junit.GeneradorIpTest" time="0"/>
  <testcase name="testGeneraIp[228]" classname="junit.GeneradorIpTest" time="0"/>
  <testcase name="testGeneraIp[229]" classname="junit.GeneradorIpTest" time="0"/>
  <testcase name="testGeneraIp[230]" classname="junit.GeneradorIpTest" time="0"/>
  <testcase name="testGeneraIp[231]" classname="junit.GeneradorIpTest" time="0"/>
  <testcase name="testGeneraIp[232]" classname="junit.GeneradorIpTest" time="0"/>
  <testcase name="testGeneraIp[233]" classname="junit.GeneradorIpTest" time="0"/>
  <testcase name="testGeneraIp[234]" classname="junit.GeneradorIpTest" time="0"/>
  <testcase name="testGeneraIp[235]" classname="junit.GeneradorIpTest" time="0"/>
  <testcase name="testGeneraIp[236]" classname="junit.GeneradorIpTest" time="0"/>
  <testcase name="testGeneraIp[237]" classname="junit.GeneradorIpTest" time="0"/>
  <testcase name="testGeneraIp[238]" classname="junit.GeneradorIpTest" time="0"/>
  <testcase name="testGeneraIp[239]" classname="junit.GeneradorIpTest" time="0"/>
  <testcase name="testGeneraIp[240]" classname="junit.GeneradorIpTest" time="0"/>
  <testcase name="testGeneraIp[241]" classname="junit.GeneradorIpTest" time="0"/>
  <testcase name="testGeneraIp[242]" classname="junit.GeneradorIpTest" time="0"/>
  <testcase name="testGeneraIp[243]" classname="junit.GeneradorIpTest" time="0"/>
  <testcase name="testGeneraIp[244]" classname="junit.GeneradorIpTest" time="0"/>
  <testcase name="testGeneraIp[245]" classname="junit.GeneradorIpTest" time="0"/>
  <testcase name="testGeneraIp[246]" classname="junit.GeneradorIpTest" time="0"/>
  <testcase name="testGeneraIp[247]" classname="junit.GeneradorIpTest" time="0"/>
  <testcase name="testGeneraIp[248]" classname="junit.GeneradorIpTest" time="0"/>
  <testcase name="testGeneraIp[249]" classname="junit.GeneradorIpTest" time="0"/>
  <testcase name="testGeneraIp[250]" classname="junit.GeneradorIpTest" time="0"/>
  <testcase name="testGeneraIp[251]" classname="junit.GeneradorIpTest" time="0"/>
  <testcase name="testGeneraIp[252]" classname="junit.GeneradorIpTest" time="0"/>
  <testcase name="testGeneraIp[253]" classname="junit.GeneradorIpTest" time="0"/>
  <testcase name="testGeneraIp[254]" classname="junit.GeneradorIpTest" time="0"/>
  <testcase name="testGeneraIp[255]" classname="junit.GeneradorIpTest" time="0"/>
  <testcase name="testGeneraIp[256]" classname="junit.GeneradorIpTest" time="0"/>
  <testcase name="testGeneraIp[257]" classname="junit.GeneradorIpTest" time="0"/>
  <testcase name="testGeneraIp[258]" classname="junit.GeneradorIpTest" time="0"/>
  <testcase name="testGeneraIp[259]" classname="junit.GeneradorIpTest" time="0"/>
  <testcase name="testGeneraIp[260]" classname="junit.GeneradorIpTest" time="0"/>
  <testcase name="testGeneraIp[261]" classname="junit.GeneradorIpTest" time="0"/>
  <testcase name="testGeneraIp[262]" classname="junit.GeneradorIpTest" time="0"/>
  <testcase name="testGeneraIp[263]" classname="junit.GeneradorIpTest" time="0.001"/>
  <testcase name="testGeneraIp[264]" classname="junit.GeneradorIpTest" time="0"/>
  <testcase name="testGeneraIp[265]" classname="junit.GeneradorIpTest" time="0"/>
  <testcase name="testGeneraIp[266]" classname="junit.GeneradorIpTest" time="0"/>
  <testcase name="testGeneraIp[267]" classname="junit.GeneradorIpTest" time="0"/>
  <testcase name="testGeneraIp[268]" classname="junit.GeneradorIpTest" time="0"/>
  <testcase name="testGeneraIp[269]" classname="junit.GeneradorIpTest" time="0"/>
  <testcase name="testGeneraIp[270]" classname="junit.GeneradorIpTest" time="0"/>
  <testcase name="testGeneraIp[271]" classname="junit.GeneradorIpTest" time="0"/>
  <testcase name="testGeneraIp[272]" classname="junit.GeneradorIpTest" time="0"/>
  <testcase name="testGeneraIp[273]" classname="junit.GeneradorIpTest" time="0.001"/>
  <testcase name="testGeneraIp[274]" classname="junit.GeneradorIpTest" time="0"/>
  <testcase name="testGeneraIp[275]" classname="junit.GeneradorIpTest" time="0"/>
  <testcase name="testGeneraIp[276]" classname="junit.GeneradorIpTest" time="0"/>
  <testcase name="testGeneraIp[277]" classname="junit.GeneradorIpTest" time="0"/>
  <testcase name="testGeneraIp[278]" classname="junit.GeneradorIpTest" time="0.001"/>
  <testcase name="testGeneraIp[279]" classname="junit.GeneradorIpTest" time="0"/>
  <testcase name="testGeneraIp[280]" classname="junit.GeneradorIpTest" time="0"/>
  <testcase name="testGeneraIp[281]" classname="junit.GeneradorIpTest" time="0"/>
  <testcase name="testGeneraIp[282]" classname="junit.GeneradorIpTest" time="0"/>
  <testcase name="testGeneraIp[283]" classname="junit.GeneradorIpTest" time="0.001"/>
  <testcase name="testGeneraIp[284]" classname="junit.GeneradorIpTest" time="0"/>
  <testcase name="testGeneraIp[285]" classname="junit.GeneradorIpTest" time="0"/>
  <testcase name="testGeneraIp[286]" classname="junit.GeneradorIpTest" time="0"/>
  <testcase name="testGeneraIp[287]" classname="junit.GeneradorIpTest" time="0"/>
  <testcase name="testGeneraIp[288]" classname="junit.GeneradorIpTest" time="0.001"/>
  <testcase name="testGeneraIp[289]" classname="junit.GeneradorIpTest" time="0"/>
  <testcase name="testGeneraIp[290]" classname="junit.GeneradorIpTest" time="0"/>
  <testcase name="testGeneraIp[291]" classname="junit.GeneradorIpTest" time="0"/>
  <testcase name="testGeneraIp[292]" classname="junit.GeneradorIpTest" time="0"/>
  <testcase name="testGeneraIp[293]" classname="junit.GeneradorIpTest" time="0"/>
  <testcase name="testGeneraIp[294]" classname="junit.GeneradorIpTest" time="0"/>
  <testcase name="testGeneraIp[295]" classname="junit.GeneradorIpTest" time="0"/>
  <testcase name="testGeneraIp[296]" classname="junit.GeneradorIpTest" time="0"/>
  <testcase name="testGeneraIp[297]" classname="junit.GeneradorIpTest" time="0"/>
  <testcase name="testGeneraIp[298]" classname="junit.GeneradorIpTest" time="0"/>
  <testcase name="testGeneraIp[299]" classname="junit.GeneradorIpTest" time="0"/>
  <testcase name="testGeneraIp[300]" classname="junit.GeneradorIpTest" time="0"/>
  <testcase name="testGeneraIp[301]" classname="junit.GeneradorIpTest" time="0"/>
  <testcase name="testGeneraIp[302]" classname="junit.GeneradorIpTest" time="0"/>
  <testcase name="testGeneraIp[303]" classname="junit.GeneradorIpTest" time="0"/>
  <testcase name="testGeneraIp[304]" classname="junit.GeneradorIpTest" time="0"/>
  <testcase name="testGeneraIp[305]" classname="junit.GeneradorIpTest" time="0.002"/>
  <testcase name="testGeneraIp[306]" classname="junit.GeneradorIpTest" time="0"/>
  <testcase name="testGeneraIp[307]" classname="junit.GeneradorIpTest" time="0"/>
  <testcase name="testGeneraIp[308]" classname="junit.GeneradorIpTest" time="0"/>
  <testcase name="testGeneraIp[309]" classname="junit.GeneradorIpTest" time="0"/>
  <testcase name="testGeneraIp[310]" classname="junit.GeneradorIpTest" time="0"/>
  <testcase name="testGeneraIp[311]" classname="junit.GeneradorIpTest" time="0"/>
  <testcase name="testGeneraIp[312]" classname="junit.GeneradorIpTest" time="0"/>
  <testcase name="testGeneraIp[313]" classname="junit.GeneradorIpTest" time="0"/>
  <testcase name="testGeneraIp[314]" classname="junit.GeneradorIpTest" time="0"/>
  <testcase name="testGeneraIp[315]" classname="junit.GeneradorIpTest" time="0"/>
  <testcase name="testGeneraIp[316]" classname="junit.GeneradorIpTest" time="0"/>
  <testcase name="testGeneraIp[317]" classname="junit.GeneradorIpTest" time="0"/>
  <testcase name="testGeneraIp[318]" classname="junit.GeneradorIpTest" time="0"/>
  <testcase name="testGeneraIp[319]" classname="junit.GeneradorIpTest" time="0"/>
  <testcase name="testGeneraIp[320]" classname="junit.GeneradorIpTest" time="0"/>
  <testcase name="testGeneraIp[321]" classname="junit.GeneradorIpTest" time="0.001"/>
  <testcase name="testGeneraIp[322]" classname="junit.GeneradorIpTest" time="0"/>
  <testcase name="testGeneraIp[323]" classname="junit.GeneradorIpTest" time="0.001"/>
  <testcase name="testGeneraIp[324]" classname="junit.GeneradorIpTest" time="0"/>
  <testcase name="testGeneraIp[325]" classname="junit.GeneradorIpTest" time="0"/>
  <testcase name="testGeneraIp[326]" classname="junit.GeneradorIpTest" time="0"/>
  <testcase name="testGeneraIp[327]" classname="junit.GeneradorIpTest" time="0"/>
  <testcase name="testGeneraIp[328]" classname="junit.GeneradorIpTest" time="0.001"/>
  <testcase name="testGeneraIp[329]" classname="junit.GeneradorIpTest" time="0"/>
  <testcase name="testGeneraIp[330]" classname="junit.GeneradorIpTest" time="0"/>
  <testcase name="testGeneraIp[331]" classname="junit.GeneradorIpTest" time="0"/>
  <testcase name="testGeneraIp[332]" classname="junit.GeneradorIpTest" time="0"/>
  <testcase name="testGeneraIp[333]" classname="junit.GeneradorIpTest" time="0"/>
  <testcase name="testGeneraIp[334]" classname="junit.GeneradorIpTest" time="0"/>
  <testcase name="testGeneraIp[335]" classname="junit.GeneradorIpTest" time="0"/>
  <testcase name="testGeneraIp[336]" classname="junit.GeneradorIpTest" time="0"/>
  <testcase name="testGeneraIp[337]" classname="junit.GeneradorIpTest" time="0"/>
  <testcase name="testGeneraIp[338]" classname="junit.GeneradorIpTest" time="0.001"/>
  <testcase name="testGeneraIp[339]" classname="junit.GeneradorIpTest" time="0"/>
  <testcase name="testGeneraIp[340]" classname="junit.GeneradorIpTest" time="0"/>
  <testcase name="testGeneraIp[341]" classname="junit.GeneradorIpTest" time="0"/>
  <testcase name="testGeneraIp[342]" classname="junit.GeneradorIpTest" time="0"/>
  <testcase name="testGeneraIp[343]" classname="junit.GeneradorIpTest" time="0"/>
  <testcase name="testGeneraIp[344]" classname="junit.GeneradorIpTest" time="0"/>
  <testcase name="testGeneraIp[345]" classname="junit.GeneradorIpTest" time="0"/>
  <testcase name="testGeneraIp[346]" classname="junit.GeneradorIpTest" time="0"/>
  <testcase name="testGeneraIp[347]" classname="junit.GeneradorIpTest" time="0.001"/>
  <testcase name="testGeneraIp[348]" classname="junit.GeneradorIpTest" time="0"/>
  <testcase name="testGeneraIp[349]" classname="junit.GeneradorIpTest" time="0"/>
  <testcase name="testGeneraIp[350]" classname="junit.GeneradorIpTest" time="0"/>
  <testcase name="testGeneraIp[351]" classname="junit.GeneradorIpTest" time="0.001"/>
  <testcase name="testGeneraIp[352]" classname="junit.GeneradorIpTest" time="0"/>
  <testcase name="testGeneraIp[353]" classname="junit.GeneradorIpTest" time="0"/>
  <testcase name="testGeneraIp[354]" classname="junit.GeneradorIpTest" time="0"/>
  <testcase name="testGeneraIp[355]" classname="junit.GeneradorIpTest" time="0"/>
  <testcase name="testGeneraIp[356]" classname="junit.GeneradorIpTest" time="0"/>
  <testcase name="testGeneraIp[357]" classname="junit.GeneradorIpTest" time="0"/>
  <testcase name="testGeneraIp[358]" classname="junit.GeneradorIpTest" time="0"/>
  <testcase name="testGeneraIp[359]" classname="junit.GeneradorIpTest" time="0"/>
  <testcase name="testGeneraIp[360]" classname="junit.GeneradorIpTest" time="0"/>
  <testcase name="testGeneraIp[361]" classname="junit.GeneradorIpTest" time="0"/>
  <testcase name="testGeneraIp[362]" classname="junit.GeneradorIpTest" time="0"/>
  <testcase name="testGeneraIp[363]" classname="junit.GeneradorIpTest" time="0"/>
  <testcase name="testGeneraIp[364]" classname="junit.GeneradorIpTest" time="0"/>
  <testcase name="testGeneraIp[365]" classname="junit.GeneradorIpTest" time="0"/>
  <testcase name="testGeneraIp[366]" classname="junit.GeneradorIpTest" time="0"/>
  <testcase name="testGeneraIp[367]" classname="junit.GeneradorIpTest" time="0"/>
  <testcase name="testGeneraIp[368]" classname="junit.GeneradorIpTest" time="0"/>
  <testcase name="testGeneraIp[369]" classname="junit.GeneradorIpTest" time="0"/>
  <testcase name="testGeneraIp[370]" classname="junit.GeneradorIpTest" time="0.001"/>
  <testcase name="testGeneraIp[371]" classname="junit.GeneradorIpTest" time="0"/>
  <testcase name="testGeneraIp[372]" classname="junit.GeneradorIpTest" time="0"/>
  <testcase name="testGeneraIp[373]" classname="junit.GeneradorIpTest" time="0"/>
  <testcase name="testGeneraIp[374]" classname="junit.GeneradorIpTest" time="0"/>
  <testcase name="testGeneraIp[375]" classname="junit.GeneradorIpTest" time="0"/>
  <testcase name="testGeneraIp[376]" classname="junit.GeneradorIpTest" time="0"/>
  <testcase name="testGeneraIp[377]" classname="junit.GeneradorIpTest" time="0"/>
  <testcase name="testGeneraIp[378]" classname="junit.GeneradorIpTest" time="0"/>
  <testcase name="testGeneraIp[379]" classname="junit.GeneradorIpTest" time="0"/>
  <testcase name="testGeneraIp[380]" classname="junit.GeneradorIpTest" time="0"/>
  <testcase name="testGeneraIp[381]" classname="junit.GeneradorIpTest" time="0"/>
  <testcase name="testGeneraIp[382]" classname="junit.GeneradorIpTest" time="0"/>
  <testcase name="testGeneraIp[383]" classname="junit.GeneradorIpTest" time="0"/>
  <testcase name="testGeneraIp[384]" classname="junit.GeneradorIpTest" time="0"/>
  <testcase name="testGeneraIp[385]" classname="junit.GeneradorIpTest" time="0"/>
  <testcase name="testGeneraIp[386]" classname="junit.GeneradorIpTest" time="0"/>
  <testcase name="testGeneraIp[387]" classname="junit.GeneradorIpTest" time="0"/>
  <testcase name="testGeneraIp[388]" classname="junit.GeneradorIpTest" time="0"/>
  <testcase name="testGeneraIp[389]" classname="junit.GeneradorIpTest" time="0.001"/>
  <testcase name="testGeneraIp[390]" classname="junit.GeneradorIpTest" time="0"/>
  <testcase name="testGeneraIp[391]" classname="junit.GeneradorIpTest" time="0"/>
  <testcase name="testGeneraIp[392]" classname="junit.GeneradorIpTest" time="0"/>
  <testcase name="testGeneraIp[393]" classname="junit.GeneradorIpTest" time="0.001"/>
  <testcase name="testGeneraIp[394]" classname="junit.GeneradorIpTest" time="0"/>
  <testcase name="testGeneraIp[395]" classname="junit.GeneradorIpTest" time="0"/>
  <testcase name="testGeneraIp[396]" classname="junit.GeneradorIpTest" time="0.002"/>
  <testcase name="testGeneraIp[397]" classname="junit.GeneradorIpTest" time="0"/>
  <testcase name="testGeneraIp[398]" classname="junit.GeneradorIpTest" time="0"/>
  <testcase name="testGeneraIp[399]" classname="junit.GeneradorIpTest" time="0.001"/>
  <testcase name="testGeneraIp[400]" classname="junit.GeneradorIpTest" time="0"/>
  <testcase name="testGeneraIp[401]" classname="junit.GeneradorIpTest" time="0"/>
  <testcase name="testGeneraIp[402]" classname="junit.GeneradorIpTest" time="0"/>
  <testcase name="testGeneraIp[403]" classname="junit.GeneradorIpTest" time="0"/>
  <testcase name="testGeneraIp[404]" classname="junit.GeneradorIpTest" time="0"/>
  <testcase name="testGeneraIp[405]" classname="junit.GeneradorIpTest" time="0"/>
  <testcase name="testGeneraIp[406]" classname="junit.GeneradorIpTest" time="0"/>
  <testcase name="testGeneraIp[407]" classname="junit.GeneradorIpTest" time="0"/>
  <testcase name="testGeneraIp[408]" classname="junit.GeneradorIpTest" time="0"/>
  <testcase name="testGeneraIp[409]" classname="junit.GeneradorIpTest" time="0"/>
  <testcase name="testGeneraIp[410]" classname="junit.GeneradorIpTest" time="0"/>
  <testcase name="testGeneraIp[411]" classname="junit.GeneradorIpTest" time="0.001"/>
  <testcase name="testGeneraIp[412]" classname="junit.GeneradorIpTest" time="0"/>
  <testcase name="testGeneraIp[413]" classname="junit.GeneradorIpTest" time="0.001"/>
  <testcase name="testGeneraIp[414]" classname="junit.GeneradorIpTest" time="0"/>
  <testcase name="testGeneraIp[415]" classname="junit.GeneradorIpTest" time="0"/>
  <testcase name="testGeneraIp[416]" classname="junit.GeneradorIpTest" time="0"/>
  <testcase name="testGeneraIp[417]" classname="junit.GeneradorIpTest" time="0"/>
  <testcase name="testGeneraIp[418]" classname="junit.GeneradorIpTest" time="0"/>
  <testcase name="testGeneraIp[419]" classname="junit.GeneradorIpTest" time="0"/>
  <testcase name="testGeneraIp[420]" classname="junit.GeneradorIpTest" time="0"/>
  <testcase name="testGeneraIp[421]" classname="junit.GeneradorIpTest" time="0"/>
  <testcase name="testGeneraIp[422]" classname="junit.GeneradorIpTest" time="0"/>
  <testcase name="testGeneraIp[423]" classname="junit.GeneradorIpTest" time="0"/>
  <testcase name="testGeneraIp[424]" classname="junit.GeneradorIpTest" time="0"/>
  <testcase name="testGeneraIp[425]" classname="junit.GeneradorIpTest" time="0"/>
  <testcase name="testGeneraIp[426]" classname="junit.GeneradorIpTest" time="0"/>
  <testcase name="testGeneraIp[427]" classname="junit.GeneradorIpTest" time="0"/>
  <testcase name="testGeneraIp[428]" classname="junit.GeneradorIpTest" time="0.001"/>
  <testcase name="testGeneraIp[429]" classname="junit.GeneradorIpTest" time="0"/>
  <testcase name="testGeneraIp[430]" classname="junit.GeneradorIpTest" time="0"/>
  <testcase name="testGeneraIp[431]" classname="junit.GeneradorIpTest" time="0"/>
  <testcase name="testGeneraIp[432]" classname="junit.GeneradorIpTest" time="0"/>
  <testcase name="testGeneraIp[433]" classname="junit.GeneradorIpTest" time="0"/>
  <testcase name="testGeneraIp[434]" classname="junit.GeneradorIpTest" time="0"/>
  <testcase name="testGeneraIp[435]" classname="junit.GeneradorIpTest" time="0"/>
  <testcase name="testGeneraIp[436]" classname="junit.GeneradorIpTest" time="0"/>
  <testcase name="testGeneraIp[437]" classname="junit.GeneradorIpTest" time="0"/>
  <testcase name="testGeneraIp[438]" classname="junit.GeneradorIpTest" time="0"/>
  <testcase name="testGeneraIp[439]" classname="junit.GeneradorIpTest" time="0"/>
  <testcase name="testGeneraIp[440]" classname="junit.GeneradorIpTest" time="0.001"/>
  <testcase name="testGeneraIp[441]" classname="junit.GeneradorIpTest" time="0"/>
  <testcase name="testGeneraIp[442]" classname="junit.GeneradorIpTest" time="0"/>
  <testcase name="testGeneraIp[443]" classname="junit.GeneradorIpTest" time="0"/>
  <testcase name="testGeneraIp[444]" classname="junit.GeneradorIpTest" time="0"/>
  <testcase name="testGeneraIp[445]" classname="junit.GeneradorIpTest" time="0"/>
  <testcase name="testGeneraIp[446]" classname="junit.GeneradorIpTest" time="0"/>
  <testcase name="testGeneraIp[447]" classname="junit.GeneradorIpTest" time="0"/>
  <testcase name="testGeneraIp[448]" classname="junit.GeneradorIpTest" time="0"/>
  <testcase name="testGeneraIp[449]" classname="junit.GeneradorIpTest" time="0"/>
  <testcase name="testGeneraIp[450]" classname="junit.GeneradorIpTest" time="0"/>
  <testcase name="testGeneraIp[451]" classname="junit.GeneradorIpTest" time="0"/>
  <testcase name="testGeneraIp[452]" classname="junit.GeneradorIpTest" time="0"/>
  <testcase name="testGeneraIp[453]" classname="junit.GeneradorIpTest" time="0"/>
  <testcase name="testGeneraIp[454]" classname="junit.GeneradorIpTest" time="0"/>
  <testcase name="testGeneraIp[455]" classname="junit.GeneradorIpTest" time="0.001"/>
  <testcase name="testGeneraIp[456]" classname="junit.GeneradorIpTest" time="0"/>
  <testcase name="testGeneraIp[457]" classname="junit.GeneradorIpTest" time="0"/>
  <testcase name="testGeneraIp[458]" classname="junit.GeneradorIpTest" time="0"/>
  <testcase name="testGeneraIp[459]" classname="junit.GeneradorIpTest" time="0"/>
  <testcase name="testGeneraIp[460]" classname="junit.GeneradorIpTest" time="0"/>
  <testcase name="testGeneraIp[461]" classname="junit.GeneradorIpTest" time="0"/>
  <testcase name="testGeneraIp[462]" classname="junit.GeneradorIpTest" time="0"/>
  <testcase name="testGeneraIp[463]" classname="junit.GeneradorIpTest" time="0"/>
  <testcase name="testGeneraIp[464]" classname="junit.GeneradorIpTest" time="0"/>
  <testcase name="testGeneraIp[465]" classname="junit.GeneradorIpTest" time="0"/>
  <testcase name="testGeneraIp[466]" classname="junit.GeneradorIpTest" time="0"/>
  <testcase name="testGeneraIp[467]" classname="junit.GeneradorIpTest" time="0"/>
  <testcase name="testGeneraIp[468]" classname="junit.GeneradorIpTest" time="0"/>
  <testcase name="testGeneraIp[469]" classname="junit.GeneradorIpTest" time="0"/>
  <testcase name="testGeneraIp[470]" classname="junit.GeneradorIpTest" time="0"/>
  <testcase name="testGeneraIp[471]" classname="junit.GeneradorIpTest" time="0"/>
  <testcase name="testGeneraIp[472]" classname="junit.GeneradorIpTest" time="0"/>
  <testcase name="testGeneraIp[473]" classname="junit.GeneradorIpTest" time="0"/>
  <testcase name="testGeneraIp[474]" classname="junit.GeneradorIpTest" time="0"/>
  <testcase name="testGeneraIp[475]" classname="junit.GeneradorIpTest" time="0.001"/>
  <testcase name="testGeneraIp[476]" classname="junit.GeneradorIpTest" time="0"/>
  <testcase name="testGeneraIp[477]" classname="junit.GeneradorIpTest" time="0"/>
  <testcase name="testGeneraIp[478]" classname="junit.GeneradorIpTest" time="0"/>
  <testcase name="testGeneraIp[479]" classname="junit.GeneradorIpTest" time="0"/>
  <testcase name="testGeneraIp[480]" classname="junit.GeneradorIpTest" time="0"/>
  <testcase name="testGeneraIp[481]" classname="junit.GeneradorIpTest" time="0"/>
  <testcase name="testGeneraIp[482]" classname="junit.GeneradorIpTest" time="0"/>
  <testcase name="testGeneraIp[483]" classname="junit.GeneradorIpTest" time="0"/>
  <testcase name="testGeneraIp[484]" classname="junit.GeneradorIpTest" time="0"/>
  <testcase name="testGeneraIp[485]" classname="junit.GeneradorIpTest" time="0"/>
  <testcase name="testGeneraIp[486]" classname="junit.GeneradorIpTest" time="0"/>
  <testcase name="testGeneraIp[487]" classname="junit.GeneradorIpTest" time="0"/>
  <testcase name="testGeneraIp[488]" classname="junit.GeneradorIpTest" time="0"/>
  <testcase name="testGeneraIp[489]" classname="junit.GeneradorIpTest" time="0"/>
  <testcase name="testGeneraIp[490]" classname="junit.GeneradorIpTest" time="0"/>
  <testcase name="testGeneraIp[491]" classname="junit.GeneradorIpTest" time="0"/>
  <testcase name="testGeneraIp[492]" classname="junit.GeneradorIpTest" time="0.001"/>
  <testcase name="testGeneraIp[493]" classname="junit.GeneradorIpTest" time="0"/>
  <testcase name="testGeneraIp[494]" classname="junit.GeneradorIpTest" time="0"/>
  <testcase name="testGeneraIp[495]" classname="junit.GeneradorIpTest" time="0"/>
  <testcase name="testGeneraIp[496]" classname="junit.GeneradorIpTest" time="0"/>
  <testcase name="testGeneraIp[497]" classname="junit.GeneradorIpTest" time="0"/>
  <testcase name="testGeneraIp[498]" classname="junit.GeneradorIpTest" time="0"/>
  <testcase name="testGeneraIp[499]" classname="junit.GeneradorIpTest" time="0"/>
  <testcase name="testGeneraIp[500]" classname="junit.GeneradorIpTest" time="0"/>
  <testcase name="testGeneraIp[501]" classname="junit.GeneradorIpTest" time="0"/>
  <testcase name="testGeneraIp[502]" classname="junit.GeneradorIpTest" time="0"/>
  <testcase name="testGeneraIp[503]" classname="junit.GeneradorIpTest" time="0.001"/>
  <testcase name="testGeneraIp[504]" classname="junit.GeneradorIpTest" time="0"/>
  <testcase name="testGeneraIp[505]" classname="junit.GeneradorIpTest" time="0"/>
  <testcase name="testGeneraIp[506]" classname="junit.GeneradorIpTest" time="0"/>
  <testcase name="testGeneraIp[507]" classname="junit.GeneradorIpTest" time="0"/>
  <testcase name="testGeneraIp[508]" classname="junit.GeneradorIpTest" time="0"/>
  <testcase name="testGeneraIp[509]" classname="junit.GeneradorIpTest" time="0"/>
  <testcase name="testGeneraIp[510]" classname="junit.GeneradorIpTest" time="0.001"/>
  <testcase name="testGeneraIp[511]" classname="junit.GeneradorIpTest" time="0"/>
  <testcase name="testGeneraIp[512]" classname="junit.GeneradorIpTest" time="0.001"/>
  <testcase name="testGeneraIp[513]" classname="junit.GeneradorIpTest" time="0"/>
  <testcase name="testGeneraIp[514]" classname="junit.GeneradorIpTest" time="0"/>
  <testcase name="testGeneraIp[515]" classname="junit.GeneradorIpTest" time="0.001"/>
  <testcase name="testGeneraIp[516]" classname="junit.GeneradorIpTest" time="0"/>
  <testcase name="testGeneraIp[517]" classname="junit.GeneradorIpTest" time="0"/>
  <testcase name="testGeneraIp[518]" classname="junit.GeneradorIpTest" time="0"/>
  <testcase name="testGeneraIp[519]" classname="junit.GeneradorIpTest" time="0"/>
  <testcase name="testGeneraIp[520]" classname="junit.GeneradorIpTest" time="0"/>
  <testcase name="testGeneraIp[521]" classname="junit.GeneradorIpTest" time="0"/>
  <testcase name="testGeneraIp[522]" classname="junit.GeneradorIpTest" time="0"/>
  <testcase name="testGeneraIp[523]" classname="junit.GeneradorIpTest" time="0"/>
  <testcase name="testGeneraIp[524]" classname="junit.GeneradorIpTest" time="0"/>
  <testcase name="testGeneraIp[525]" classname="junit.GeneradorIpTest" time="0.001"/>
  <testcase name="testGeneraIp[526]" classname="junit.GeneradorIpTest" time="0"/>
  <testcase name="testGeneraIp[527]" classname="junit.GeneradorIpTest" time="0.001"/>
  <testcase name="testGeneraIp[528]" classname="junit.GeneradorIpTest" time="0"/>
  <testcase name="testGeneraIp[529]" classname="junit.GeneradorIpTest" time="0"/>
  <testcase name="testGeneraIp[530]" classname="junit.GeneradorIpTest" time="0.001"/>
  <testcase name="testGeneraIp[531]" classname="junit.GeneradorIpTest" time="0"/>
  <testcase name="testGeneraIp[532]" classname="junit.GeneradorIpTest" time="0"/>
  <testcase name="testGeneraIp[533]" classname="junit.GeneradorIpTest" time="0.001"/>
  <testcase name="testGeneraIp[534]" classname="junit.GeneradorIpTest" time="0"/>
  <testcase name="testGeneraIp[535]" classname="junit.GeneradorIpTest" time="0"/>
  <testcase name="testGeneraIp[536]" classname="junit.GeneradorIpTest" time="0.001"/>
  <testcase name="testGeneraIp[537]" classname="junit.GeneradorIpTest" time="0"/>
  <testcase name="testGeneraIp[538]" classname="junit.GeneradorIpTest" time="0"/>
  <testcase name="testGeneraIp[539]" classname="junit.GeneradorIpTest" time="0"/>
  <testcase name="testGeneraIp[540]" classname="junit.GeneradorIpTest" time="0"/>
  <testcase name="testGeneraIp[541]" classname="junit.GeneradorIpTest" time="0"/>
  <testcase name="testGeneraIp[542]" classname="junit.GeneradorIpTest" time="0.001"/>
  <testcase name="testGeneraIp[543]" classname="junit.GeneradorIpTest" time="0"/>
  <testcase name="testGeneraIp[544]" classname="junit.GeneradorIpTest" time="0"/>
  <testcase name="testGeneraIp[545]" classname="junit.GeneradorIpTest" time="0"/>
  <testcase name="testGeneraIp[546]" classname="junit.GeneradorIpTest" time="0"/>
  <testcase name="testGeneraIp[547]" classname="junit.GeneradorIpTest" time="0"/>
  <testcase name="testGeneraIp[548]" classname="junit.GeneradorIpTest" time="0"/>
  <testcase name="testGeneraIp[549]" classname="junit.GeneradorIpTest" time="0"/>
  <testcase name="testGeneraIp[550]" classname="junit.GeneradorIpTest" time="0"/>
  <testcase name="testGeneraIp[551]" classname="junit.GeneradorIpTest" time="0"/>
  <testcase name="testGeneraIp[552]" classname="junit.GeneradorIpTest" time="0"/>
  <testcase name="testGeneraIp[553]" classname="junit.GeneradorIpTest" time="0"/>
  <testcase name="testGeneraIp[554]" classname="junit.GeneradorIpTest" time="0"/>
  <testcase name="testGeneraIp[555]" classname="junit.GeneradorIpTest" time="0"/>
  <testcase name="testGeneraIp[556]" classname="junit.GeneradorIpTest" time="0"/>
  <testcase name="testGeneraIp[557]" classname="junit.GeneradorIpTest" time="0.001"/>
  <testcase name="testGeneraIp[558]" classname="junit.GeneradorIpTest" time="0"/>
  <testcase name="testGeneraIp[559]" classname="junit.GeneradorIpTest" time="0"/>
  <testcase name="testGeneraIp[560]" classname="junit.GeneradorIpTest" time="0"/>
  <testcase name="testGeneraIp[561]" classname="junit.GeneradorIpTest" time="0"/>
  <testcase name="testGeneraIp[562]" classname="junit.GeneradorIpTest" time="0"/>
  <testcase name="testGeneraIp[563]" classname="junit.GeneradorIpTest" time="0"/>
  <testcase name="testGeneraIp[564]" classname="junit.GeneradorIpTest" time="0"/>
  <testcase name="testGeneraIp[565]" classname="junit.GeneradorIpTest" time="0"/>
  <testcase name="testGeneraIp[566]" classname="junit.GeneradorIpTest" time="0"/>
  <testcase name="testGeneraIp[567]" classname="junit.GeneradorIpTest" time="0"/>
  <testcase name="testGeneraIp[568]" classname="junit.GeneradorIpTest" time="0"/>
  <testcase name="testGeneraIp[569]" classname="junit.GeneradorIpTest" time="0"/>
  <testcase name="testGeneraIp[570]" classname="junit.GeneradorIpTest" time="0.001"/>
  <testcase name="testGeneraIp[571]" classname="junit.GeneradorIpTest" time="0"/>
  <testcase name="testGeneraIp[572]" classname="junit.GeneradorIpTest" time="0"/>
  <testcase name="testGeneraIp[573]" classname="junit.GeneradorIpTest" time="0"/>
  <testcase name="testGeneraIp[574]" classname="junit.GeneradorIpTest" time="0"/>
  <testcase name="testGeneraIp[575]" classname="junit.GeneradorIpTest" time="0"/>
  <testcase name="testGeneraIp[576]" classname="junit.GeneradorIpTest" time="0"/>
  <testcase name="testGeneraIp[577]" classname="junit.GeneradorIpTest" time="0"/>
  <testcase name="testGeneraIp[578]" classname="junit.GeneradorIpTest" time="0"/>
  <testcase name="testGeneraIp[579]" classname="junit.GeneradorIpTest" time="0"/>
  <testcase name="testGeneraIp[580]" classname="junit.GeneradorIpTest" time="0"/>
  <testcase name="testGeneraIp[581]" classname="junit.GeneradorIpTest" time="0"/>
  <testcase name="testGeneraIp[582]" classname="junit.GeneradorIpTest" time="0"/>
  <testcase name="testGeneraIp[583]" classname="junit.GeneradorIpTest" time="0"/>
  <testcase name="testGeneraIp[584]" classname="junit.GeneradorIpTest" time="0"/>
  <testcase name="testGeneraIp[585]" classname="junit.GeneradorIpTest" time="0"/>
  <testcase name="testGeneraIp[586]" classname="junit.GeneradorIpTest" time="0"/>
  <testcase name="testGeneraIp[587]" classname="junit.GeneradorIpTest" time="0"/>
  <testcase name="testGeneraIp[588]" classname="junit.GeneradorIpTest" time="0"/>
  <testcase name="testGeneraIp[589]" classname="junit.GeneradorIpTest" time="0"/>
  <testcase name="testGeneraIp[590]" classname="junit.GeneradorIpTest" time="0"/>
  <testcase name="testGeneraIp[591]" classname="junit.GeneradorIpTest" time="0"/>
  <testcase name="testGeneraIp[592]" classname="junit.GeneradorIpTest" time="0"/>
  <testcase name="testGeneraIp[593]" classname="junit.GeneradorIpTest" time="0"/>
  <testcase name="testGeneraIp[594]" classname="junit.GeneradorIpTest" time="0"/>
  <testcase name="testGeneraIp[595]" classname="junit.GeneradorIpTest" time="0"/>
  <testcase name="testGeneraIp[596]" classname="junit.GeneradorIpTest" time="0"/>
  <testcase name="testGeneraIp[597]" classname="junit.GeneradorIpTest" time="0"/>
  <testcase name="testGeneraIp[598]" classname="junit.GeneradorIpTest" time="0"/>
  <testcase name="testGeneraIp[599]" classname="junit.GeneradorIpTest" time="0"/>
  <testcase name="testGeneraIp[600]" classname="junit.GeneradorIpTest" time="0"/>
  <testcase name="testGeneraIp[601]" classname="junit.GeneradorIpTest" time="0"/>
  <testcase name="testGeneraIp[602]" classname="junit.GeneradorIpTest" time="0"/>
  <testcase name="testGeneraIp[603]" classname="junit.GeneradorIpTest" time="0"/>
  <testcase name="testGeneraIp[604]" classname="junit.GeneradorIpTest" time="0"/>
  <testcase name="testGeneraIp[605]" classname="junit.GeneradorIpTest" time="0.001"/>
  <testcase name="testGeneraIp[606]" classname="junit.GeneradorIpTest" time="0"/>
  <testcase name="testGeneraIp[607]" classname="junit.GeneradorIpTest" time="0"/>
  <testcase name="testGeneraIp[608]" classname="junit.GeneradorIpTest" time="0"/>
  <testcase name="testGeneraIp[609]" classname="junit.GeneradorIpTest" time="0"/>
  <testcase name="testGeneraIp[610]" classname="junit.GeneradorIpTest" time="0"/>
  <testcase name="testGeneraIp[611]" classname="junit.GeneradorIpTest" time="0"/>
  <testcase name="testGeneraIp[612]" classname="junit.GeneradorIpTest" time="0"/>
  <testcase name="testGeneraIp[613]" classname="junit.GeneradorIpTest" time="0"/>
  <testcase name="testGeneraIp[614]" classname="junit.GeneradorIpTest" time="0"/>
  <testcase name="testGeneraIp[615]" classname="junit.GeneradorIpTest" time="0"/>
  <testcase name="testGeneraIp[616]" classname="junit.GeneradorIpTest" time="0"/>
  <testcase name="testGeneraIp[617]" classname="junit.GeneradorIpTest" time="0"/>
  <testcase name="testGeneraIp[618]" classname="junit.GeneradorIpTest" time="0"/>
  <testcase name="testGeneraIp[619]" classname="junit.GeneradorIpTest" time="0"/>
  <testcase name="testGeneraIp[620]" classname="junit.GeneradorIpTest" time="0"/>
  <testcase name="testGeneraIp[621]" classname="junit.GeneradorIpTest" time="0"/>
  <testcase name="testGeneraIp[622]" classname="junit.GeneradorIpTest" time="0"/>
  <testcase name="testGeneraIp[623]" classname="junit.GeneradorIpTest" time="0"/>
  <testcase name="testGeneraIp[624]" classname="junit.GeneradorIpTest" time="0"/>
  <testcase name="testGeneraIp[625]" classname="junit.GeneradorIpTest" time="0"/>
  <testcase name="testGeneraIp[626]" classname="junit.GeneradorIpTest" time="0"/>
  <testcase name="testGeneraIp[627]" classname="junit.GeneradorIpTest" time="0"/>
  <testcase name="testGeneraIp[628]" classname="junit.GeneradorIpTest" time="0"/>
  <testcase name="testGeneraIp[629]" classname="junit.GeneradorIpTest" time="0"/>
  <testcase name="testGeneraIp[630]" classname="junit.GeneradorIpTest" time="0"/>
  <testcase name="testGeneraIp[631]" classname="junit.GeneradorIpTest" time="0"/>
  <testcase name="testGeneraIp[632]" classname="junit.GeneradorIpTest" time="0"/>
  <testcase name="testGeneraIp[633]" classname="junit.GeneradorIpTest" time="0"/>
  <testcase name="testGeneraIp[634]" classname="junit.GeneradorIpTest" time="0"/>
  <testcase name="testGeneraIp[635]" classname="junit.GeneradorIpTest" time="0"/>
  <testcase name="testGeneraIp[636]" classname="junit.GeneradorIpTest" time="0"/>
  <testcase name="testGeneraIp[637]" classname="junit.GeneradorIpTest" time="0"/>
  <testcase name="testGeneraIp[638]" classname="junit.GeneradorIpTest" time="0"/>
  <testcase name="testGeneraIp[639]" classname="junit.GeneradorIpTest" time="0.001"/>
  <testcase name="testGeneraIp[640]" classname="junit.GeneradorIpTest" time="0"/>
  <testcase name="testGeneraIp[641]" classname="junit.GeneradorIpTest" time="0"/>
  <testcase name="testGeneraIp[642]" classname="junit.GeneradorIpTest" time="0"/>
  <testcase name="testGeneraIp[643]" classname="junit.GeneradorIpTest" time="0"/>
  <testcase name="testGeneraIp[644]" classname="junit.GeneradorIpTest" time="0"/>
  <testcase name="testGeneraIp[645]" classname="junit.GeneradorIpTest" time="0.002"/>
  <testcase name="testGeneraIp[646]" classname="junit.GeneradorIpTest" time="0"/>
  <testcase name="testGeneraIp[647]" classname="junit.GeneradorIpTest" time="0"/>
  <testcase name="testGeneraIp[648]" classname="junit.GeneradorIpTest" time="0"/>
  <testcase name="testGeneraIp[649]" classname="junit.GeneradorIpTest" time="0"/>
  <testcase name="testGeneraIp[650]" classname="junit.GeneradorIpTest" time="0"/>
  <testcase name="testGeneraIp[651]" classname="junit.GeneradorIpTest" time="0"/>
  <testcase name="testGeneraIp[652]" classname="junit.GeneradorIpTest" time="0"/>
  <testcase name="testGeneraIp[653]" classname="junit.GeneradorIpTest" time="0"/>
  <testcase name="testGeneraIp[654]" classname="junit.GeneradorIpTest" time="0"/>
  <testcase name="testGeneraIp[655]" classname="junit.GeneradorIpTest" time="0"/>
  <testcase name="testGeneraIp[656]" classname="junit.GeneradorIpTest" time="0"/>
  <testcase name="testGeneraIp[657]" classname="junit.GeneradorIpTest" time="0"/>
  <testcase name="testGeneraIp[658]" classname="junit.GeneradorIpTest" time="0"/>
  <testcase name="testGeneraIp[659]" classname="junit.GeneradorIpTest" time="0"/>
  <testcase name="testGeneraIp[660]" classname="junit.GeneradorIpTest" time="0"/>
  <testcase name="testGeneraIp[661]" classname="junit.GeneradorIpTest" time="0"/>
  <testcase name="testGeneraIp[662]" classname="junit.GeneradorIpTest" time="0"/>
  <testcase name="testGeneraIp[663]" classname="junit.GeneradorIpTest" time="0"/>
  <testcase name="testGeneraIp[664]" classname="junit.GeneradorIpTest" time="0"/>
  <testcase name="testGeneraIp[665]" classname="junit.GeneradorIpTest" time="0"/>
  <testcase name="testGeneraIp[666]" classname="junit.GeneradorIpTest" time="0"/>
  <testcase name="testGeneraIp[667]" classname="junit.GeneradorIpTest" time="0"/>
  <testcase name="testGeneraIp[668]" classname="junit.GeneradorIpTest" time="0"/>
  <testcase name="testGeneraIp[669]" classname="junit.GeneradorIpTest" time="0"/>
  <testcase name="testGeneraIp[670]" classname="junit.GeneradorIpTest" time="0"/>
  <testcase name="testGeneraIp[671]" classname="junit.GeneradorIpTest" time="0"/>
  <testcase name="testGeneraIp[672]" classname="junit.GeneradorIpTest" time="0.001"/>
  <testcase name="testGeneraIp[673]" classname="junit.GeneradorIpTest" time="0"/>
  <testcase name="testGeneraIp[674]" classname="junit.GeneradorIpTest" time="0"/>
  <testcase name="testGeneraIp[675]" classname="junit.GeneradorIpTest" time="0"/>
  <testcase name="testGeneraIp[676]" classname="junit.GeneradorIpTest" time="0"/>
  <testcase name="testGeneraIp[677]" classname="junit.GeneradorIpTest" time="0.001"/>
  <testcase name="testGeneraIp[678]" classname="junit.GeneradorIpTest" time="0"/>
  <testcase name="testGeneraIp[679]" classname="junit.GeneradorIpTest" time="0"/>
  <testcase name="testGeneraIp[680]" classname="junit.GeneradorIpTest" time="0"/>
  <testcase name="testGeneraIp[681]" classname="junit.GeneradorIpTest" time="0"/>
  <testcase name="testGeneraIp[682]" classname="junit.GeneradorIpTest" time="0.001"/>
  <testcase name="testGeneraIp[683]" classname="junit.GeneradorIpTest" time="0"/>
  <testcase name="testGeneraIp[684]" classname="junit.GeneradorIpTest" time="0"/>
  <testcase name="testGeneraIp[685]" classname="junit.GeneradorIpTest" time="0"/>
  <testcase name="testGeneraIp[686]" classname="junit.GeneradorIpTest" time="0"/>
  <testcase name="testGeneraIp[687]" classname="junit.GeneradorIpTest" time="0"/>
  <testcase name="testGeneraIp[688]" classname="junit.GeneradorIpTest" time="0"/>
  <testcase name="testGeneraIp[689]" classname="junit.GeneradorIpTest" time="0"/>
  <testcase name="testGeneraIp[690]" classname="junit.GeneradorIpTest" time="0.001"/>
  <testcase name="testGeneraIp[691]" classname="junit.GeneradorIpTest" time="0"/>
  <testcase name="testGeneraIp[692]" classname="junit.GeneradorIpTest" time="0"/>
  <testcase name="testGeneraIp[693]" classname="junit.GeneradorIpTest" time="0"/>
  <testcase name="testGeneraIp[694]" classname="junit.GeneradorIpTest" time="0"/>
  <testcase name="testGeneraIp[695]" classname="junit.GeneradorIpTest" time="0"/>
  <testcase name="testGeneraIp[696]" classname="junit.GeneradorIpTest" time="0"/>
  <testcase name="testGeneraIp[697]" classname="junit.GeneradorIpTest" time="0"/>
  <testcase name="testGeneraIp[698]" classname="junit.GeneradorIpTest" time="0"/>
  <testcase name="testGeneraIp[699]" classname="junit.GeneradorIpTest" time="0"/>
  <testcase name="testGeneraIp[700]" classname="junit.GeneradorIpTest" time="0"/>
  <testcase name="testGeneraIp[701]" classname="junit.GeneradorIpTest" time="0"/>
  <testcase name="testGeneraIp[702]" classname="junit.GeneradorIpTest" time="0"/>
  <testcase name="testGeneraIp[703]" classname="junit.GeneradorIpTest" time="0"/>
  <testcase name="testGeneraIp[704]" classname="junit.GeneradorIpTest" time="0"/>
  <testcase name="testGeneraIp[705]" classname="junit.GeneradorIpTest" time="0"/>
  <testcase name="testGeneraIp[706]" classname="junit.GeneradorIpTest" time="0"/>
  <testcase name="testGeneraIp[707]" classname="junit.GeneradorIpTest" time="0"/>
  <testcase name="testGeneraIp[708]" classname="junit.GeneradorIpTest" time="0"/>
  <testcase name="testGeneraIp[709]" classname="junit.GeneradorIpTest" time="0"/>
  <testcase name="testGeneraIp[710]" classname="junit.GeneradorIpTest" time="0"/>
  <testcase name="testGeneraIp[711]" classname="junit.GeneradorIpTest" time="0"/>
  <testcase name="testGeneraIp[712]" classname="junit.GeneradorIpTest" time="0"/>
  <testcase name="testGeneraIp[713]" classname="junit.GeneradorIpTest" time="0"/>
  <testcase name="testGeneraIp[714]" classname="junit.GeneradorIpTest" time="0"/>
  <testcase name="testGeneraIp[715]" classname="junit.GeneradorIpTest" time="0"/>
  <testcase name="testGeneraIp[716]" classname="junit.GeneradorIpTest" time="0"/>
  <testcase name="testGeneraIp[717]" classname="junit.GeneradorIpTest" time="0"/>
  <testcase name="testGeneraIp[718]" classname="junit.GeneradorIpTest" time="0"/>
  <testcase name="testGeneraIp[719]" classname="junit.GeneradorIpTest" time="0"/>
  <testcase name="testGeneraIp[720]" classname="junit.GeneradorIpTest" time="0"/>
  <testcase name="testGeneraIp[721]" classname="junit.GeneradorIpTest" time="0"/>
  <testcase name="testGeneraIp[722]" classname="junit.GeneradorIpTest" time="0.001"/>
  <testcase name="testGeneraIp[723]" classname="junit.GeneradorIpTest" time="0"/>
  <testcase name="testGeneraIp[724]" classname="junit.GeneradorIpTest" time="0"/>
  <testcase name="testGeneraIp[725]" classname="junit.GeneradorIpTest" time="0"/>
  <testcase name="testGeneraIp[726]" classname="junit.GeneradorIpTest" time="0"/>
  <testcase name="testGeneraIp[727]" classname="junit.GeneradorIpTest" time="0"/>
  <testcase name="testGeneraIp[728]" classname="junit.GeneradorIpTest" time="0"/>
  <testcase name="testGeneraIp[729]" classname="junit.GeneradorIpTest" time="0"/>
  <testcase name="testGeneraIp[730]" classname="junit.GeneradorIpTest" time="0"/>
  <testcase name="testGeneraIp[731]" classname="junit.GeneradorIpTest" time="0"/>
  <testcase name="testGeneraIp[732]" classname="junit.GeneradorIpTest" time="0"/>
  <testcase name="testGeneraIp[733]" classname="junit.GeneradorIpTest" time="0"/>
  <testcase name="testGeneraIp[734]" classname="junit.GeneradorIpTest" time="0"/>
  <testcase name="testGeneraIp[735]" classname="junit.GeneradorIpTest" time="0"/>
  <testcase name="testGeneraIp[736]" classname="junit.GeneradorIpTest" time="0"/>
  <testcase name="testGeneraIp[737]" classname="junit.GeneradorIpTest" time="0"/>
  <testcase name="testGeneraIp[738]" classname="junit.GeneradorIpTest" time="0.001"/>
  <testcase name="testGeneraIp[739]" classname="junit.GeneradorIpTest" time="0"/>
  <testcase name="testGeneraIp[740]" classname="junit.GeneradorIpTest" time="0"/>
  <testcase name="testGeneraIp[741]" classname="junit.GeneradorIpTest" time="0"/>
  <testcase name="testGeneraIp[742]" classname="junit.GeneradorIpTest" time="0"/>
  <testcase name="testGeneraIp[743]" classname="junit.GeneradorIpTest" time="0"/>
  <testcase name="testGeneraIp[744]" classname="junit.GeneradorIpTest" time="0"/>
  <testcase name="testGeneraIp[745]" classname="junit.GeneradorIpTest" time="0"/>
  <testcase name="testGeneraIp[746]" classname="junit.GeneradorIpTest" time="0"/>
  <testcase name="testGeneraIp[747]" classname="junit.GeneradorIpTest" time="0"/>
  <testcase name="testGeneraIp[748]" classname="junit.GeneradorIpTest" time="0"/>
  <testcase name="testGeneraIp[749]" classname="junit.GeneradorIpTest" time="0"/>
  <testcase name="testGeneraIp[750]" classname="junit.GeneradorIpTest" time="0"/>
  <testcase name="testGeneraIp[751]" classname="junit.GeneradorIpTest" time="0"/>
  <testcase name="testGeneraIp[752]" classname="junit.GeneradorIpTest" time="0"/>
  <testcase name="testGeneraIp[753]" classname="junit.GeneradorIpTest" time="0"/>
  <testcase name="testGeneraIp[754]" classname="junit.GeneradorIpTest" time="0"/>
  <testcase name="testGeneraIp[755]" classname="junit.GeneradorIpTest" time="0"/>
  <testcase name="testGeneraIp[756]" classname="junit.GeneradorIpTest" time="0"/>
  <testcase name="testGeneraIp[757]" classname="junit.GeneradorIpTest" time="0"/>
  <testcase name="testGeneraIp[758]" classname="junit.GeneradorIpTest" time="0"/>
  <testcase name="testGeneraIp[759]" classname="junit.GeneradorIpTest" time="0"/>
  <testcase name="testGeneraIp[760]" classname="junit.GeneradorIpTest" time="0"/>
  <testcase name="testGeneraIp[761]" classname="junit.GeneradorIpTest" time="0"/>
  <testcase name="testGeneraIp[762]" classname="junit.GeneradorIpTest" time="0"/>
  <testcase name="testGeneraIp[763]" classname="junit.GeneradorIpTest" time="0"/>
  <testcase name="testGeneraIp[764]" classname="junit.GeneradorIpTest" time="0"/>
  <testcase name="testGeneraIp[765]" classname="junit.GeneradorIpTest" time="0"/>
  <testcase name="testGeneraIp[766]" classname="junit.GeneradorIpTest" time="0"/>
  <testcase name="testGeneraIp[767]" classname="junit.GeneradorIpTest" time="0"/>
  <testcase name="testGeneraIp[768]" classname="junit.GeneradorIpTest" time="0"/>
  <testcase name="testGeneraIp[769]" classname="junit.GeneradorIpTest" time="0"/>
  <testcase name="testGeneraIp[770]" classname="junit.GeneradorIpTest" time="0"/>
  <testcase name="testGeneraIp[771]" classname="junit.GeneradorIpTest" time="0"/>
  <testcase name="testGeneraIp[772]" classname="junit.GeneradorIpTest" time="0"/>
  <testcase name="testGeneraIp[773]" classname="junit.GeneradorIpTest" time="0"/>
  <testcase name="testGeneraIp[774]" classname="junit.GeneradorIpTest" time="0"/>
  <testcase name="testGeneraIp[775]" classname="junit.GeneradorIpTest" time="0"/>
  <testcase name="testGeneraIp[776]" classname="junit.GeneradorIpTest" time="0"/>
  <testcase name="testGeneraIp[777]" classname="junit.GeneradorIpTest" time="0"/>
  <testcase name="testGeneraIp[778]" classname="junit.GeneradorIpTest" time="0"/>
  <testcase name="testGeneraIp[779]" classname="junit.GeneradorIpTest" time="0.001"/>
  <testcase name="testGeneraIp[780]" classname="junit.GeneradorIpTest" time="0"/>
  <testcase name="testGeneraIp[781]" classname="junit.GeneradorIpTest" time="0"/>
  <testcase name="testGeneraIp[782]" classname="junit.GeneradorIpTest" time="0"/>
  <testcase name="testGeneraIp[783]" classname="junit.GeneradorIpTest" time="0"/>
  <testcase name="testGeneraIp[784]" classname="junit.GeneradorIpTest" time="0.002"/>
  <testcase name="testGeneraIp[785]" classname="junit.GeneradorIpTest" time="0"/>
  <testcase name="testGeneraIp[786]" classname="junit.GeneradorIpTest" time="0"/>
  <testcase name="testGeneraIp[787]" classname="junit.GeneradorIpTest" time="0.001"/>
  <testcase name="testGeneraIp[788]" classname="junit.GeneradorIpTest" time="0"/>
  <testcase name="testGeneraIp[789]" classname="junit.GeneradorIpTest" time="0"/>
  <testcase name="testGeneraIp[790]" classname="junit.GeneradorIpTest" time="0"/>
  <testcase name="testGeneraIp[791]" classname="junit.GeneradorIpTest" time="0"/>
  <testcase name="testGeneraIp[792]" classname="junit.GeneradorIpTest" time="0"/>
  <testcase name="testGeneraIp[793]" classname="junit.GeneradorIpTest" time="0"/>
  <testcase name="testGeneraIp[794]" classname="junit.GeneradorIpTest" time="0"/>
  <testcase name="testGeneraIp[795]" classname="junit.GeneradorIpTest" time="0"/>
  <testcase name="testGeneraIp[796]" classname="junit.GeneradorIpTest" time="0"/>
  <testcase name="testGeneraIp[797]" classname="junit.GeneradorIpTest" time="0"/>
  <testcase name="testGeneraIp[798]" classname="junit.GeneradorIpTest" time="0"/>
  <testcase name="testGeneraIp[799]" classname="junit.GeneradorIpTest" time="0"/>
  <testcase name="testGeneraIp[800]" classname="junit.GeneradorIpTest" time="0"/>
  <testcase name="testGeneraIp[801]" classname="junit.GeneradorIpTest" time="0"/>
  <testcase name="testGeneraIp[802]" classname="junit.GeneradorIpTest" time="0"/>
  <testcase name="testGeneraIp[803]" classname="junit.GeneradorIpTest" time="0"/>
  <testcase name="testGeneraIp[804]" classname="junit.GeneradorIpTest" time="0"/>
  <testcase name="testGeneraIp[805]" classname="junit.GeneradorIpTest" time="0"/>
  <testcase name="testGeneraIp[806]" classname="junit.GeneradorIpTest" time="0"/>
  <testcase name="testGeneraIp[807]" classname="junit.GeneradorIpTest" time="0"/>
  <testcase name="testGeneraIp[808]" classname="junit.GeneradorIpTest" time="0"/>
  <testcase name="testGeneraIp[809]" classname="junit.GeneradorIpTest" time="0"/>
  <testcase name="testGeneraIp[810]" classname="junit.GeneradorIpTest" time="0"/>
  <testcase name="testGeneraIp[811]" classname="junit.GeneradorIpTest" time="0"/>
  <testcase name="testGeneraIp[812]" classname="junit.GeneradorIpTest" time="0"/>
  <testcase name="testGeneraIp[813]" classname="junit.GeneradorIpTest" time="0"/>
  <testcase name="testGeneraIp[814]" classname="junit.GeneradorIpTest" time="0"/>
  <testcase name="testGeneraIp[815]" classname="junit.GeneradorIpTest" time="0"/>
  <testcase name="testGeneraIp[816]" classname="junit.GeneradorIpTest" time="0"/>
  <testcase name="testGeneraIp[817]" classname="junit.GeneradorIpTest" time="0"/>
  <testcase name="testGeneraIp[818]" classname="junit.GeneradorIpTest" time="0"/>
  <testcase name="testGeneraIp[819]" classname="junit.GeneradorIpTest" time="0"/>
  <testcase name="testGeneraIp[820]" classname="junit.GeneradorIpTest" time="0"/>
  <testcase name="testGeneraIp[821]" classname="junit.GeneradorIpTest" time="0"/>
  <testcase name="testGeneraIp[822]" classname="junit.GeneradorIpTest" time="0"/>
  <testcase name="testGeneraIp[823]" classname="junit.GeneradorIpTest" time="0"/>
  <testcase name="testGeneraIp[824]" classname="junit.GeneradorIpTest" time="0.002"/>
  <testcase name="testGeneraIp[825]" classname="junit.GeneradorIpTest" time="0"/>
  <testcase name="testGeneraIp[826]" classname="junit.GeneradorIpTest" time="0"/>
  <testcase name="testGeneraIp[827]" classname="junit.GeneradorIpTest" time="0"/>
  <testcase name="testGeneraIp[828]" classname="junit.GeneradorIpTest" time="0"/>
  <testcase name="testGeneraIp[829]" classname="junit.GeneradorIpTest" time="0"/>
  <testcase name="testGeneraIp[830]" classname="junit.GeneradorIpTest" time="0"/>
  <testcase name="testGeneraIp[831]" classname="junit.GeneradorIpTest" time="0"/>
  <testcase name="testGeneraIp[832]" classname="junit.GeneradorIpTest" time="0"/>
  <testcase name="testGeneraIp[833]" classname="junit.GeneradorIpTest" time="0"/>
  <testcase name="testGeneraIp[834]" classname="junit.GeneradorIpTest" time="0.001"/>
  <testcase name="testGeneraIp[835]" classname="junit.GeneradorIpTest" time="0"/>
  <testcase name="testGeneraIp[836]" classname="junit.GeneradorIpTest" time="0"/>
  <testcase name="testGeneraIp[837]" classname="junit.GeneradorIpTest" time="0"/>
  <testcase name="testGeneraIp[838]" classname="junit.GeneradorIpTest" time="0"/>
  <testcase name="testGeneraIp[839]" classname="junit.GeneradorIpTest" time="0"/>
  <testcase name="testGeneraIp[840]" classname="junit.GeneradorIpTest" time="0"/>
  <testcase name="testGeneraIp[841]" classname="junit.GeneradorIpTest" time="0"/>
  <testcase name="testGeneraIp[842]" classname="junit.GeneradorIpTest" time="0"/>
  <testcase name="testGeneraIp[843]" classname="junit.GeneradorIpTest" time="0"/>
  <testcase name="testGeneraIp[844]" classname="junit.GeneradorIpTest" time="0"/>
  <testcase name="testGeneraIp[845]" classname="junit.GeneradorIpTest" time="0"/>
  <testcase name="testGeneraIp[846]" classname="junit.GeneradorIpTest" time="0"/>
  <testcase name="testGeneraIp[847]" classname="junit.GeneradorIpTest" time="0"/>
  <testcase name="testGeneraIp[848]" classname="junit.GeneradorIpTest" time="0"/>
  <testcase name="testGeneraIp[849]" classname="junit.GeneradorIpTest" time="0"/>
  <testcase name="testGeneraIp[850]" classname="junit.GeneradorIpTest" time="0"/>
  <testcase name="testGeneraIp[851]" classname="junit.GeneradorIpTest" time="0"/>
  <testcase name="testGeneraIp[852]" classname="junit.GeneradorIpTest" time="0"/>
  <testcase name="testGeneraIp[853]" classname="junit.GeneradorIpTest" time="0"/>
  <testcase name="testGeneraIp[854]" classname="junit.GeneradorIpTest" time="0"/>
  <testcase name="testGeneraIp[855]" classname="junit.GeneradorIpTest" time="0"/>
  <testcase name="testGeneraIp[856]" classname="junit.GeneradorIpTest" time="0"/>
  <testcase name="testGeneraIp[857]" classname="junit.GeneradorIpTest" time="0"/>
  <testcase name="testGeneraIp[858]" classname="junit.GeneradorIpTest" time="0"/>
  <testcase name="testGeneraIp[859]" classname="junit.GeneradorIpTest" time="0"/>
  <testcase name="testGeneraIp[860]" classname="junit.GeneradorIpTest" time="0"/>
  <testcase name="testGeneraIp[861]" classname="junit.GeneradorIpTest" time="0"/>
  <testcase name="testGeneraIp[862]" classname="junit.GeneradorIpTest" time="0"/>
  <testcase name="testGeneraIp[863]" classname="junit.GeneradorIpTest" time="0"/>
  <testcase name="testGeneraIp[864]" classname="junit.GeneradorIpTest" time="0"/>
  <testcase name="testGeneraIp[865]" classname="junit.GeneradorIpTest" time="0"/>
  <testcase name="testGeneraIp[866]" classname="junit.GeneradorIpTest" time="0"/>
  <testcase name="testGeneraIp[867]" classname="junit.GeneradorIpTest" time="0"/>
  <testcase name="testGeneraIp[868]" classname="junit.GeneradorIpTest" time="0"/>
  <testcase name="testGeneraIp[869]" classname="junit.GeneradorIpTest" time="0"/>
  <testcase name="testGeneraIp[870]" classname="junit.GeneradorIpTest" time="0"/>
  <testcase name="testGeneraIp[871]" classname="junit.GeneradorIpTest" time="0"/>
  <testcase name="testGeneraIp[872]" classname="junit.GeneradorIpTest" time="0"/>
  <testcase name="testGeneraIp[873]" classname="junit.GeneradorIpTest" time="0"/>
  <testcase name="testGeneraIp[874]" classname="junit.GeneradorIpTest" time="0"/>
  <testcase name="testGeneraIp[875]" classname="junit.GeneradorIpTest" time="0"/>
  <testcase name="testGeneraIp[876]" classname="junit.GeneradorIpTest" time="0"/>
  <testcase name="testGeneraIp[877]" classname="junit.GeneradorIpTest" time="0"/>
  <testcase name="testGeneraIp[878]" classname="junit.GeneradorIpTest" time="0"/>
  <testcase name="testGeneraIp[879]" classname="junit.GeneradorIpTest" time="0"/>
  <testcase name="testGeneraIp[880]" classname="junit.GeneradorIpTest" time="0"/>
  <testcase name="testGeneraIp[881]" classname="junit.GeneradorIpTest" time="0"/>
  <testcase name="testGeneraIp[882]" classname="junit.GeneradorIpTest" time="0"/>
  <testcase name="testGeneraIp[883]" classname="junit.GeneradorIpTest" time="0"/>
  <testcase name="testGeneraIp[884]" classname="junit.GeneradorIpTest" time="0"/>
  <testcase name="testGeneraIp[885]" classname="junit.GeneradorIpTest" time="0"/>
  <testcase name="testGeneraIp[886]" classname="junit.GeneradorIpTest" time="0"/>
  <testcase name="testGeneraIp[887]" classname="junit.GeneradorIpTest" time="0"/>
  <testcase name="testGeneraIp[888]" classname="junit.GeneradorIpTest" time="0"/>
  <testcase name="testGeneraIp[889]" classname="junit.GeneradorIpTest" time="0.001"/>
  <testcase name="testGeneraIp[890]" classname="junit.GeneradorIpTest" time="0"/>
  <testcase name="testGeneraIp[891]" classname="junit.GeneradorIpTest" time="0"/>
  <testcase name="testGeneraIp[892]" classname="junit.GeneradorIpTest" time="0"/>
  <testcase name="testGeneraIp[893]" classname="junit.GeneradorIpTest" time="0"/>
  <testcase name="testGeneraIp[894]" classname="junit.GeneradorIpTest" time="0"/>
  <testcase name="testGeneraIp[895]" classname="junit.GeneradorIpTest" time="0"/>
  <testcase name="testGeneraIp[896]" classname="junit.GeneradorIpTest" time="0.001"/>
  <testcase name="testGeneraIp[897]" classname="junit.GeneradorIpTest" time="0"/>
  <testcase name="testGeneraIp[898]" classname="junit.GeneradorIpTest" time="0"/>
  <testcase name="testGeneraIp[899]" classname="junit.GeneradorIpTest" time="0"/>
  <testcase name="testGeneraIp[900]" classname="junit.GeneradorIpTest" time="0"/>
  <testcase name="testGeneraIp[901]" classname="junit.GeneradorIpTest" time="0"/>
  <testcase name="testGeneraIp[902]" classname="junit.GeneradorIpTest" time="0"/>
  <testcase name="testGeneraIp[903]" classname="junit.GeneradorIpTest" time="0"/>
  <testcase name="testGeneraIp[904]" classname="junit.GeneradorIpTest" time="0"/>
  <testcase name="testGeneraIp[905]" classname="junit.GeneradorIpTest" time="0"/>
  <testcase name="testGeneraIp[906]" classname="junit.GeneradorIpTest" time="0"/>
  <testcase name="testGeneraIp[907]" classname="junit.GeneradorIpTest" time="0"/>
  <testcase name="testGeneraIp[908]" classname="junit.GeneradorIpTest" time="0"/>
  <testcase name="testGeneraIp[909]" classname="junit.GeneradorIpTest" time="0"/>
  <testcase name="testGeneraIp[910]" classname="junit.GeneradorIpTest" time="0"/>
  <testcase name="testGeneraIp[911]" classname="junit.GeneradorIpTest" time="0"/>
  <testcase name="testGeneraIp[912]" classname="junit.GeneradorIpTest" time="0"/>
  <testcase name="testGeneraIp[913]" classname="junit.GeneradorIpTest" time="0"/>
  <testcase name="testGeneraIp[914]" classname="junit.GeneradorIpTest" time="0"/>
  <testcase name="testGeneraIp[915]" classname="junit.GeneradorIpTest" time="0"/>
  <testcase name="testGeneraIp[916]" classname="junit.GeneradorIpTest" time="0"/>
  <testcase name="testGeneraIp[917]" classname="junit.GeneradorIpTest" time="0"/>
  <testcase name="testGeneraIp[918]" classname="junit.GeneradorIpTest" time="0"/>
  <testcase name="testGeneraIp[919]" classname="junit.GeneradorIpTest" time="0"/>
  <testcase name="testGeneraIp[920]" classname="junit.GeneradorIpTest" time="0.001"/>
  <testcase name="testGeneraIp[921]" classname="junit.GeneradorIpTest" time="0"/>
  <testcase name="testGeneraIp[922]" classname="junit.GeneradorIpTest" time="0"/>
  <testcase name="testGeneraIp[923]" classname="junit.GeneradorIpTest" time="0"/>
  <testcase name="testGeneraIp[924]" classname="junit.GeneradorIpTest" time="0"/>
  <testcase name="testGeneraIp[925]" classname="junit.GeneradorIpTest" time="0"/>
  <testcase name="testGeneraIp[926]" classname="junit.GeneradorIpTest" time="0"/>
  <testcase name="testGeneraIp[927]" classname="junit.GeneradorIpTest" time="0"/>
  <testcase name="testGeneraIp[928]" classname="junit.GeneradorIpTest" time="0"/>
  <testcase name="testGeneraIp[929]" classname="junit.GeneradorIpTest" time="0"/>
  <testcase name="testGeneraIp[930]" classname="junit.GeneradorIpTest" time="0.001"/>
  <testcase name="testGeneraIp[931]" classname="junit.GeneradorIpTest" time="0"/>
  <testcase name="testGeneraIp[932]" classname="junit.GeneradorIpTest" time="0"/>
  <testcase name="testGeneraIp[933]" classname="junit.GeneradorIpTest" time="0"/>
  <testcase name="testGeneraIp[934]" classname="junit.GeneradorIpTest" time="0"/>
  <testcase name="testGeneraIp[935]" classname="junit.GeneradorIpTest" time="0"/>
  <testcase name="testGeneraIp[936]" classname="junit.GeneradorIpTest" time="0"/>
  <testcase name="testGeneraIp[937]" classname="junit.GeneradorIpTest" time="0"/>
  <testcase name="testGeneraIp[938]" classname="junit.GeneradorIpTest" time="0"/>
  <testcase name="testGeneraIp[939]" classname="junit.GeneradorIpTest" time="0"/>
  <testcase name="testGeneraIp[940]" classname="junit.GeneradorIpTest" time="0"/>
  <testcase name="testGeneraIp[941]" classname="junit.GeneradorIpTest" time="0"/>
  <testcase name="testGeneraIp[942]" classname="junit.GeneradorIpTest" time="0"/>
  <testcase name="testGeneraIp[943]" classname="junit.GeneradorIpTest" time="0"/>
  <testcase name="testGeneraIp[944]" classname="junit.GeneradorIpTest" time="0"/>
  <testcase name="testGeneraIp[945]" classname="junit.GeneradorIpTest" time="0"/>
  <testcase name="testGeneraIp[946]" classname="junit.GeneradorIpTest" time="0"/>
  <testcase name="testGeneraIp[947]" classname="junit.GeneradorIpTest" time="0"/>
  <testcase name="testGeneraIp[948]" classname="junit.GeneradorIpTest" time="0"/>
  <testcase name="testGeneraIp[949]" classname="junit.GeneradorIpTest" time="0"/>
  <testcase name="testGeneraIp[950]" classname="junit.GeneradorIpTest" time="0"/>
  <testcase name="testGeneraIp[951]" classname="junit.GeneradorIpTest" time="0"/>
  <testcase name="testGeneraIp[952]" classname="junit.GeneradorIpTest" time="0"/>
  <testcase name="testGeneraIp[953]" classname="junit.GeneradorIpTest" time="0"/>
  <testcase name="testGeneraIp[954]" classname="junit.GeneradorIpTest" time="0"/>
  <testcase name="testGeneraIp[955]" classname="junit.GeneradorIpTest" time="0"/>
  <testcase name="testGeneraIp[956]" classname="junit.GeneradorIpTest" time="0"/>
[...]
  <testcase name="testGenerarNumero[775]" classname="junit.GeneradorIpTest" time="0"/>
  <testcase name="testGenerarNumero[776]" classname="junit.GeneradorIpTest" time="0"/>
  <testcase name="testGenerarNumero[777]" classname="junit.GeneradorIpTest" time="0"/>
  <testcase name="testGenerarNumero[778]" classname="junit.GeneradorIpTest" time="0"/>
  <testcase name="testGenerarNumero[779]" classname="junit.GeneradorIpTest" time="0"/>
  <testcase name="testGenerarNumero[780]" classname="junit.GeneradorIpTest" time="0"/>
  <testcase name="testGenerarNumero[781]" classname="junit.GeneradorIpTest" time="0"/>
  <testcase name="testGenerarNumero[782]" classname="junit.GeneradorIpTest" time="0"/>
  <testcase name="testGenerarNumero[783]" classname="junit.GeneradorIpTest" time="0"/>
  <testcase name="testGenerarNumero[784]" classname="junit.GeneradorIpTest" time="0"/>
  <testcase name="testGenerarNumero[785]" classname="junit.GeneradorIpTest" time="0"/>
  <testcase name="testGenerarNumero[786]" classname="junit.GeneradorIpTest" time="0"/>
  <testcase name="testGenerarNumero[787]" classname="junit.GeneradorIpTest" time="0"/>
  <testcase name="testGenerarNumero[788]" classname="junit.GeneradorIpTest" time="0"/>
  <testcase name="testGenerarNumero[789]" classname="junit.GeneradorIpTest" time="0"/>
  <testcase name="testGenerarNumero[790]" classname="junit.GeneradorIpTest" time="0"/>
  <testcase name="testGenerarNumero[791]" classname="junit.GeneradorIpTest" time="0"/>
  <testcase name="testGenerarNumero[792]" classname="junit.GeneradorIpTest" time="0"/>
  <testcase name="testGenerarNumero[793]" classname="junit.GeneradorIpTest" time="0"/>
  <testcase name="testGenerarNumero[794]" classname="junit.GeneradorIpTest" time="0"/>
  <testcase name="testGenerarNumero[795]" classname="junit.GeneradorIpTest" time="0"/>
  <testcase name="testGenerarNumero[796]" classname="junit.GeneradorIpTest" time="0"/>
  <testcase name="testGenerarNumero[797]" classname="junit.GeneradorIpTest" time="0"/>
  <testcase name="testGenerarNumero[798]" classname="junit.GeneradorIpTest" time="0"/>
  <testcase name="testGenerarNumero[799]" classname="junit.GeneradorIpTest" time="0"/>
  <testcase name="testGenerarNumero[800]" classname="junit.GeneradorIpTest" time="0"/>
  <testcase name="testGenerarNumero[801]" classname="junit.GeneradorIpTest" time="0"/>
  <testcase name="testGenerarNumero[802]" classname="junit.GeneradorIpTest" time="0.002"/>
  <testcase name="testGenerarNumero[803]" classname="junit.GeneradorIpTest" time="0"/>
  <testcase name="testGenerarNumero[804]" classname="junit.GeneradorIpTest" time="0"/>
  <testcase name="testGenerarNumero[805]" classname="junit.GeneradorIpTest" time="0"/>
  <testcase name="testGenerarNumero[806]" classname="junit.GeneradorIpTest" time="0"/>
  <testcase name="testGenerarNumero[807]" classname="junit.GeneradorIpTest" time="0"/>
  <testcase name="testGenerarNumero[808]" classname="junit.GeneradorIpTest" time="0"/>
  <testcase name="testGenerarNumero[809]" classname="junit.GeneradorIpTest" time="0"/>
  <testcase name="testGenerarNumero[810]" classname="junit.GeneradorIpTest" time="0"/>
  <testcase name="testGenerarNumero[811]" classname="junit.GeneradorIpTest" time="0"/>
  <testcase name="testGenerarNumero[812]" classname="junit.GeneradorIpTest" time="0"/>
  <testcase name="testGenerarNumero[813]" classname="junit.GeneradorIpTest" time="0"/>
  <testcase name="testGenerarNumero[814]" classname="junit.GeneradorIpTest" time="0"/>
  <testcase name="testGenerarNumero[815]" classname="junit.GeneradorIpTest" time="0"/>
  <testcase name="testGenerarNumero[816]" classname="junit.GeneradorIpTest" time="0"/>
  <testcase name="testGenerarNumero[817]" classname="junit.GeneradorIpTest" time="0"/>
  <testcase name="testGenerarNumero[818]" classname="junit.GeneradorIpTest" time="0"/>
  <testcase name="testGenerarNumero[819]" classname="junit.GeneradorIpTest" time="0"/>
  <testcase name="testGenerarNumero[820]" classname="junit.GeneradorIpTest" time="0"/>
  <testcase name="testGenerarNumero[821]" classname="junit.GeneradorIpTest" time="0"/>
  <testcase name="testGenerarNumero[822]" classname="junit.GeneradorIpTest" time="0"/>
  <testcase name="testGenerarNumero[823]" classname="junit.GeneradorIpTest" time="0"/>
  <testcase name="testGenerarNumero[824]" classname="junit.GeneradorIpTest" time="0"/>
  <testcase name="testGenerarNumero[825]" classname="junit.GeneradorIpTest" time="0"/>
  <testcase name="testGenerarNumero[826]" classname="junit.GeneradorIpTest" time="0"/>
  <testcase name="testGenerarNumero[827]" classname="junit.GeneradorIpTest" time="0"/>
  <testcase name="testGenerarNumero[828]" classname="junit.GeneradorIpTest" time="0"/>
  <testcase name="testGenerarNumero[829]" classname="junit.GeneradorIpTest" time="0"/>
  <testcase name="testGenerarNumero[830]" classname="junit.GeneradorIpTest" time="0"/>
  <testcase name="testGenerarNumero[831]" classname="junit.GeneradorIpTest" time="0"/>
  <testcase name="testGenerarNumero[832]" classname="junit.GeneradorIpTest" time="0"/>
  <testcase name="testGenerarNumero[833]" classname="junit.GeneradorIpTest" time="0"/>
  <testcase name="testGenerarNumero[834]" classname="junit.GeneradorIpTest" time="0"/>
  <testcase name="testGenerarNumero[835]" classname="junit.GeneradorIpTest" time="0"/>
  <testcase name="testGenerarNumero[836]" classname="junit.GeneradorIpTest" time="0"/>
  <testcase name="testGenerarNumero[837]" classname="junit.GeneradorIpTest" time="0"/>
  <testcase name="testGenerarNumero[838]" classname="junit.GeneradorIpTest" time="0"/>
  <testcase name="testGenerarNumero[839]" classname="junit.GeneradorIpTest" time="0"/>
  <testcase name="testGenerarNumero[840]" classname="junit.GeneradorIpTest" time="0"/>
  <testcase name="testGenerarNumero[841]" classname="junit.GeneradorIpTest" time="0"/>
  <testcase name="testGenerarNumero[842]" classname="junit.GeneradorIpTest" time="0"/>
  <testcase name="testGenerarNumero[843]" classname="junit.GeneradorIpTest" time="0"/>
  <testcase name="testGenerarNumero[844]" classname="junit.GeneradorIpTest" time="0"/>
  <testcase name="testGenerarNumero[845]" classname="junit.GeneradorIpTest" time="0"/>
  <testcase name="testGenerarNumero[846]" classname="junit.GeneradorIpTest" time="0"/>
  <testcase name="testGenerarNumero[847]" classname="junit.GeneradorIpTest" time="0"/>
  <testcase name="testGenerarNumero[848]" classname="junit.GeneradorIpTest" time="0"/>
  <testcase name="testGenerarNumero[849]" classname="junit.GeneradorIpTest" time="0"/>
  <testcase name="testGenerarNumero[850]" classname="junit.GeneradorIpTest" time="0"/>
  <testcase name="testGenerarNumero[851]" classname="junit.GeneradorIpTest" time="0.001"/>
  <testcase name="testGenerarNumero[852]" classname="junit.GeneradorIpTest" time="0"/>
  <testcase name="testGenerarNumero[853]" classname="junit.GeneradorIpTest" time="0"/>
  <testcase name="testGenerarNumero[854]" classname="junit.GeneradorIpTest" time="0"/>
  <testcase name="testGenerarNumero[855]" classname="junit.GeneradorIpTest" time="0.001"/>
  <testcase name="testGenerarNumero[856]" classname="junit.GeneradorIpTest" time="0"/>
  <testcase name="testGenerarNumero[857]" classname="junit.GeneradorIpTest" time="0"/>
  <testcase name="testGenerarNumero[858]" classname="junit.GeneradorIpTest" time="0"/>
  <testcase name="testGenerarNumero[859]" classname="junit.GeneradorIpTest" time="0"/>
  <testcase name="testGenerarNumero[860]" classname="junit.GeneradorIpTest" time="0"/>
  <testcase name="testGenerarNumero[861]" classname="junit.GeneradorIpTest" time="0"/>
  <testcase name="testGenerarNumero[862]" classname="junit.GeneradorIpTest" time="0"/>
  <testcase name="testGenerarNumero[863]" classname="junit.GeneradorIpTest" time="0"/>
  <testcase name="testGenerarNumero[864]" classname="junit.GeneradorIpTest" time="0.001"/>
  <testcase name="testGenerarNumero[865]" classname="junit.GeneradorIpTest" time="0"/>
  <testcase name="testGenerarNumero[866]" classname="junit.GeneradorIpTest" time="0"/>
  <testcase name="testGenerarNumero[867]" classname="junit.GeneradorIpTest" time="0"/>
  <testcase name="testGenerarNumero[868]" classname="junit.GeneradorIpTest" time="0"/>
  <testcase name="testGenerarNumero[869]" classname="junit.GeneradorIpTest" time="0"/>
  <testcase name="testGenerarNumero[870]" classname="junit.GeneradorIpTest" time="0"/>
  <testcase name="testGenerarNumero[871]" classname="junit.GeneradorIpTest" time="0"/>
  <testcase name="testGenerarNumero[872]" classname="junit.GeneradorIpTest" time="0"/>
  <testcase name="testGenerarNumero[873]" classname="junit.GeneradorIpTest" time="0"/>
  <testcase name="testGenerarNumero[874]" classname="junit.GeneradorIpTest" time="0"/>
  <testcase name="testGenerarNumero[875]" classname="junit.GeneradorIpTest" time="0"/>
  <testcase name="testGenerarNumero[876]" classname="junit.GeneradorIpTest" time="0"/>
  <testcase name="testGenerarNumero[877]" classname="junit.GeneradorIpTest" time="0"/>
  <testcase name="testGenerarNumero[878]" classname="junit.GeneradorIpTest" time="0"/>
  <testcase name="testGenerarNumero[879]" classname="junit.GeneradorIpTest" time="0"/>
  <testcase name="testGenerarNumero[880]" classname="junit.GeneradorIpTest" time="0"/>
  <testcase name="testGenerarNumero[881]" classname="junit.GeneradorIpTest" time="0"/>
  <testcase name="testGenerarNumero[882]" classname="junit.GeneradorIpTest" time="0"/>
  <testcase name="testGenerarNumero[883]" classname="junit.GeneradorIpTest" time="0"/>
  <testcase name="testGenerarNumero[884]" classname="junit.GeneradorIpTest" time="0"/>
  <testcase name="testGenerarNumero[885]" classname="junit.GeneradorIpTest" time="0"/>
  <testcase name="testGenerarNumero[886]" classname="junit.GeneradorIpTest" time="0"/>
  <testcase name="testGenerarNumero[887]" classname="junit.GeneradorIpTest" time="0"/>
  <testcase name="testGenerarNumero[888]" classname="junit.GeneradorIpTest" time="0"/>
  <testcase name="testGenerarNumero[889]" classname="junit.GeneradorIpTest" time="0"/>
  <testcase name="testGenerarNumero[890]" classname="junit.GeneradorIpTest" time="0"/>
  <testcase name="testGenerarNumero[891]" classname="junit.GeneradorIpTest" time="0"/>
  <testcase name="testGenerarNumero[892]" classname="junit.GeneradorIpTest" time="0"/>
  <testcase name="testGenerarNumero[893]" classname="junit.GeneradorIpTest" time="0"/>
  <testcase name="testGenerarNumero[894]" classname="junit.GeneradorIpTest" time="0"/>
  <testcase name="testGenerarNumero[895]" classname="junit.GeneradorIpTest" time="0"/>
  <testcase name="testGenerarNumero[896]" classname="junit.GeneradorIpTest" time="0"/>
  <testcase name="testGenerarNumero[897]" classname="junit.GeneradorIpTest" time="0"/>
  <testcase name="testGenerarNumero[898]" classname="junit.GeneradorIpTest" time="0"/>
  <testcase name="testGenerarNumero[899]" classname="junit.GeneradorIpTest" time="0"/>
  <testcase name="testGenerarNumero[900]" classname="junit.GeneradorIpTest" time="0"/>
  <testcase name="testGenerarNumero[901]" classname="junit.GeneradorIpTest" time="0"/>
  <testcase name="testGenerarNumero[902]" classname="junit.GeneradorIpTest" time="0"/>
  <testcase name="testGenerarNumero[903]" classname="junit.GeneradorIpTest" time="0"/>
  <testcase name="testGenerarNumero[904]" classname="junit.GeneradorIpTest" time="0"/>
  <testcase name="testGenerarNumero[905]" classname="junit.GeneradorIpTest" time="0"/>
  <testcase name="testGenerarNumero[906]" classname="junit.GeneradorIpTest" time="0"/>
  <testcase name="testGenerarNumero[907]" classname="junit.GeneradorIpTest" time="0"/>
  <testcase name="testGenerarNumero[908]" classname="junit.GeneradorIpTest" time="0"/>
  <testcase name="testGenerarNumero[909]" classname="junit.GeneradorIpTest" time="0"/>
  <testcase name="testGenerarNumero[910]" classname="junit.GeneradorIpTest" time="0"/>
  <testcase name="testGenerarNumero[911]" classname="junit.GeneradorIpTest" time="0"/>
  <testcase name="testGenerarNumero[912]" classname="junit.GeneradorIpTest" time="0"/>
  <testcase name="testGenerarNumero[913]" classname="junit.GeneradorIpTest" time="0"/>
  <testcase name="testGenerarNumero[914]" classname="junit.GeneradorIpTest" time="0"/>
  <testcase name="testGenerarNumero[915]" classname="junit.GeneradorIpTest" time="0"/>
  <testcase name="testGenerarNumero[916]" classname="junit.GeneradorIpTest" time="0"/>
  <testcase name="testGenerarNumero[917]" classname="junit.GeneradorIpTest" time="0"/>
  <testcase name="testGenerarNumero[918]" classname="junit.GeneradorIpTest" time="0"/>
  <testcase name="testGenerarNumero[919]" classname="junit.GeneradorIpTest" time="0"/>
  <testcase name="testGenerarNumero[920]" classname="junit.GeneradorIpTest" time="0"/>
  <testcase name="testGenerarNumero[921]" classname="junit.GeneradorIpTest" time="0"/>
  <testcase name="testGenerarNumero[922]" classname="junit.GeneradorIpTest" time="0"/>
  <testcase name="testGenerarNumero[923]" classname="junit.GeneradorIpTest" time="0"/>
  <testcase name="testGenerarNumero[924]" classname="junit.GeneradorIpTest" time="0"/>
  <testcase name="testGenerarNumero[925]" classname="junit.GeneradorIpTest" time="0"/>
  <testcase name="testGenerarNumero[926]" classname="junit.GeneradorIpTest" time="0"/>
  <testcase name="testGenerarNumero[927]" classname="junit.GeneradorIpTest" time="0"/>
  <testcase name="testGenerarNumero[928]" classname="junit.GeneradorIpTest" time="0"/>
  <testcase name="testGenerarNumero[929]" classname="junit.GeneradorIpTest" time="0"/>
  <testcase name="testGenerarNumero[930]" classname="junit.GeneradorIpTest" time="0"/>
  <testcase name="testGenerarNumero[931]" classname="junit.GeneradorIpTest" time="0"/>
  <testcase name="testGenerarNumero[932]" classname="junit.GeneradorIpTest" time="0"/>
  <testcase name="testGenerarNumero[933]" classname="junit.GeneradorIpTest" time="0"/>
  <testcase name="testGenerarNumero[934]" classname="junit.GeneradorIpTest" time="0"/>
  <testcase name="testGenerarNumero[935]" classname="junit.GeneradorIpTest" time="0"/>
  <testcase name="testGenerarNumero[936]" classname="junit.GeneradorIpTest" time="0"/>
  <testcase name="testGenerarNumero[937]" classname="junit.GeneradorIpTest" time="0"/>
  <testcase name="testGenerarNumero[938]" classname="junit.GeneradorIpTest" time="0"/>
  <testcase name="testGenerarNumero[939]" classname="junit.GeneradorIpTest" time="0"/>
  <testcase name="testGenerarNumero[940]" classname="junit.GeneradorIpTest" time="0"/>
  <testcase name="testGenerarNumero[941]" classname="junit.GeneradorIpTest" time="0"/>
  <testcase name="testGenerarNumero[942]" classname="junit.GeneradorIpTest" time="0"/>
  <testcase name="testGenerarNumero[943]" classname="junit.GeneradorIpTest" time="0"/>
  <testcase name="testGenerarNumero[944]" classname="junit.GeneradorIpTest" time="0"/>
  <testcase name="testGenerarNumero[945]" classname="junit.GeneradorIpTest" time="0"/>
  <testcase name="testGenerarNumero[946]" classname="junit.GeneradorIpTest" time="0"/>
  <testcase name="testGenerarNumero[947]" classname="junit.GeneradorIpTest" time="0"/>
  <testcase name="testGenerarNumero[948]" classname="junit.GeneradorIpTest" time="0"/>
  <testcase name="testGenerarNumero[949]" classname="junit.GeneradorIpTest" time="0"/>
  <testcase name="testGenerarNumero[950]" classname="junit.GeneradorIpTest" time="0"/>
  <testcase name="testGenerarNumero[951]" classname="junit.GeneradorIpTest" time="0"/>
  <testcase name="testGenerarNumero[952]" classname="junit.GeneradorIpTest" time="0"/>
  <testcase name="testGenerarNumero[953]" classname="junit.GeneradorIpTest" time="0"/>
  <testcase name="testGenerarNumero[954]" classname="junit.GeneradorIpTest" time="0"/>
  <testcase name="testGenerarNumero[955]" classname="junit.GeneradorIpTest" time="0"/>
  <testcase name="testGenerarNumero[956]" classname="junit.GeneradorIpTest" time="0.001"/>
  <testcase name="testGenerarNumero[957]" classname="junit.GeneradorIpTest" time="0"/>
  <testcase name="testGenerarNumero[958]" classname="junit.GeneradorIpTest" time="0"/>
  <testcase name="testGenerarNumero[959]" classname="junit.GeneradorIpTest" time="0"/>
  <testcase name="testGenerarNumero[960]" classname="junit.GeneradorIpTest" time="0"/>
  <testcase name="testGenerarNumero[961]" classname="junit.GeneradorIpTest" time="0"/>
  <testcase name="testGenerarNumero[962]" classname="junit.GeneradorIpTest" time="0"/>
  <testcase name="testGenerarNumero[963]" classname="junit.GeneradorIpTest" time="0.001"/>
  <testcase name="testGenerarNumero[964]" classname="junit.GeneradorIpTest" time="0"/>
  <testcase name="testGenerarNumero[965]" classname="junit.GeneradorIpTest" time="0"/>
  <testcase name="testGenerarNumero[966]" classname="junit.GeneradorIpTest" time="0"/>
  <testcase name="testGenerarNumero[967]" classname="junit.GeneradorIpTest" time="0"/>
  <testcase name="testGenerarNumero[968]" classname="junit.GeneradorIpTest" time="0"/>
  <testcase name="testGenerarNumero[969]" classname="junit.GeneradorIpTest" time="0"/>
  <testcase name="testGenerarNumero[970]" classname="junit.GeneradorIpTest" time="0"/>
  <testcase name="testGenerarNumero[971]" classname="junit.GeneradorIpTest" time="0"/>
  <testcase name="testGenerarNumero[972]" classname="junit.GeneradorIpTest" time="0"/>
  <testcase name="testGenerarNumero[973]" classname="junit.GeneradorIpTest" time="0"/>
  <testcase name="testGenerarNumero[974]" classname="junit.GeneradorIpTest" time="0"/>
  <testcase name="testGenerarNumero[975]" classname="junit.GeneradorIpTest" time="0"/>
  <testcase name="testGenerarNumero[976]" classname="junit.GeneradorIpTest" time="0"/>
  <testcase name="testGenerarNumero[977]" classname="junit.GeneradorIpTest" time="0"/>
  <testcase name="testGenerarNumero[978]" classname="junit.GeneradorIpTest" time="0"/>
  <testcase name="testGenerarNumero[979]" classname="junit.GeneradorIpTest" time="0"/>
  <testcase name="testGenerarNumero[980]" classname="junit.GeneradorIpTest" time="0.001"/>
  <testcase name="testGenerarNumero[981]" classname="junit.GeneradorIpTest" time="0"/>
  <testcase name="testGenerarNumero[982]" classname="junit.GeneradorIpTest" time="0"/>
  <testcase name="testGenerarNumero[983]" classname="junit.GeneradorIpTest" time="0"/>
  <testcase name="testGenerarNumero[984]" classname="junit.GeneradorIpTest" time="0.001"/>
  <testcase name="testGenerarNumero[985]" classname="junit.GeneradorIpTest" time="0"/>
  <testcase name="testGenerarNumero[986]" classname="junit.GeneradorIpTest" time="0"/>
  <testcase name="testGenerarNumero[987]" classname="junit.GeneradorIpTest" time="0"/>
  <testcase name="testGenerarNumero[988]" classname="junit.GeneradorIpTest" time="0"/>
  <testcase name="testGenerarNumero[989]" classname="junit.GeneradorIpTest" time="0"/>
  <testcase name="testGenerarNumero[990]" classname="junit.GeneradorIpTest" time="0"/>
  <testcase name="testGenerarNumero[991]" classname="junit.GeneradorIpTest" time="0"/>
  <testcase name="testGenerarNumero[992]" classname="junit.GeneradorIpTest" time="0"/>
  <testcase name="testGenerarNumero[993]" classname="junit.GeneradorIpTest" time="0"/>
  <testcase name="testGenerarNumero[994]" classname="junit.GeneradorIpTest" time="0"/>
  <testcase name="testGenerarNumero[995]" classname="junit.GeneradorIpTest" time="0"/>
  <testcase name="testGenerarNumero[996]" classname="junit.GeneradorIpTest" time="0"/>
  <testcase name="testGenerarNumero[997]" classname="junit.GeneradorIpTest" time="0"/>
  <testcase name="testGenerarNumero[998]" classname="junit.GeneradorIpTest" time="0"/>
  <testcase name="testGenerarNumero[999]" classname="junit.GeneradorIpTest" time="0"/>
  <testcase name="testGenerarNumero[1000]" classname="junit.GeneradorIpTest" time="0"/>
</testsuite>